c:\users\andres.perez.liveu-tad\documents\github\c-\programacion 2d\andréspérez_practica7\project\debug\vc142.pdb
c:\users\andres.perez.liveu-tad\documents\github\c-\programacion 2d\andréspérez_practica7\project\debug\vc142.idb
c:\users\andres.perez.liveu-tad\documents\github\c-\programacion 2d\andréspérez_practica7\project\debug\world.obj
c:\users\andres.perez.liveu-tad\documents\github\c-\programacion 2d\andréspérez_practica7\project\debug\vector2.obj
c:\users\andres.perez.liveu-tad\documents\github\c-\programacion 2d\andréspérez_practica7\project\debug\time.obj
c:\users\andres.perez.liveu-tad\documents\github\c-\programacion 2d\andréspérez_practica7\project\debug\sprite.obj
c:\users\andres.perez.liveu-tad\documents\github\c-\programacion 2d\andréspérez_practica7\project\debug\pugixml.obj
c:\users\andres.perez.liveu-tad\documents\github\c-\programacion 2d\andréspérez_practica7\project\debug\collider.obj
c:\users\andres.perez.liveu-tad\documents\github\c-\programacion 2d\andréspérez_practica7\project\debug\background.obj
c:\users\andres.perez.liveu-tad\documents\github\c-\programacion 2d\andréspérez_practica7\project\debug\main.obj
c:\users\andres.perez.liveu-tad\documents\github\c-\programacion 2d\andréspérez_practica7\project\debug\transform.obj
c:\users\andres.perez.liveu-tad\documents\github\c-\programacion 2d\andréspérez_practica7\project\debug\collider.obj.enc
c:\users\andres.perez.liveu-tad\documents\github\c-\programacion 2d\andréspérez_practica7\project\debug\main.obj.enc
c:\users\andres.perez.liveu-tad\documents\github\c-\programacion 2d\andréspérez_practica7\project\debug\programacion2d.pdb
c:\users\andres.perez.liveu-tad\documents\github\c-\programacion 2d\andréspérez_practica7\project\debug\programacion2d.tlog\cl.command.1.tlog
c:\users\andres.perez.liveu-tad\documents\github\c-\programacion 2d\andréspérez_practica7\project\debug\programacion2d.tlog\cl.read.1.tlog
c:\users\andres.perez.liveu-tad\documents\github\c-\programacion 2d\andréspérez_practica7\project\debug\programacion2d.tlog\cl.write.1.tlog
c:\users\andres.perez.liveu-tad\documents\github\c-\programacion 2d\andréspérez_practica7\project\debug\programacion2d.tlog\link-cvtres.read.1.tlog
c:\users\andres.perez.liveu-tad\documents\github\c-\programacion 2d\andréspérez_practica7\project\debug\programacion2d.tlog\link-cvtres.write.1.tlog
c:\users\andres.perez.liveu-tad\documents\github\c-\programacion 2d\andréspérez_practica7\project\debug\programacion2d.tlog\link-rc.read.1.tlog
c:\users\andres.perez.liveu-tad\documents\github\c-\programacion 2d\andréspérez_practica7\project\debug\programacion2d.tlog\link-rc.write.1.tlog
c:\users\andres.perez.liveu-tad\documents\github\c-\programacion 2d\andréspérez_practica7\project\debug\programacion2d.tlog\link.21828-cvtres.read.1.tlog
c:\users\andres.perez.liveu-tad\documents\github\c-\programacion 2d\andréspérez_practica7\project\debug\programacion2d.tlog\link.21828-cvtres.write.1.tlog
c:\users\andres.perez.liveu-tad\documents\github\c-\programacion 2d\andréspérez_practica7\project\debug\programacion2d.tlog\link.21828-rc.read.1.tlog
c:\users\andres.perez.liveu-tad\documents\github\c-\programacion 2d\andréspérez_practica7\project\debug\programacion2d.tlog\link.21828-rc.write.1.tlog
c:\users\andres.perez.liveu-tad\documents\github\c-\programacion 2d\andréspérez_practica7\project\debug\programacion2d.tlog\link.21828.read.1.tlog
c:\users\andres.perez.liveu-tad\documents\github\c-\programacion 2d\andréspérez_practica7\project\debug\programacion2d.tlog\link.21828.write.1.tlog
c:\users\andres.perez.liveu-tad\documents\github\c-\programacion 2d\andréspérez_practica7\project\debug\programacion2d.tlog\link.command.1.tlog
c:\users\andres.perez.liveu-tad\documents\github\c-\programacion 2d\andréspérez_practica7\project\debug\programacion2d.tlog\link.delete.1.tlog
c:\users\andres.perez.liveu-tad\documents\github\c-\programacion 2d\andréspérez_practica7\project\debug\programacion2d.tlog\link.read.1.tlog
c:\users\andres.perez.liveu-tad\documents\github\c-\programacion 2d\andréspérez_practica7\project\debug\programacion2d.tlog\link.write.1.tlog
