  World.cpp
C:\Users\andres.perez.LIVEU-TAD\Documents\GitHub\C-\Programacion 2D\AndrésPérez_Practica7\src\Background.h(32,5): warning C4244: 'initializing': conversion from 'int' to 'float', possible loss of data
C:\Users\andres.perez.LIVEU-TAD\Documents\GitHub\C-\Programacion 2D\AndrésPérez_Practica7\src\Background.h(33,5): warning C4244: 'initializing': conversion from 'int' to 'float', possible loss of data
C:\Users\andres.perez.LIVEU-TAD\Documents\GitHub\C-\Programacion 2D\AndrésPérez_Practica7\src\World.h(68,73): warning C4244: '=': conversion from 'int' to 'float', possible loss of data
C:\Users\andres.perez.LIVEU-TAD\Documents\GitHub\C-\Programacion 2D\AndrésPérez_Practica7\src\World.cpp(27,5): warning C4305: 'argument': truncation from 'double' to 'float'
C:\Users\andres.perez.LIVEU-TAD\Documents\GitHub\C-\Programacion 2D\AndrésPérez_Practica7\src\World.cpp(104,23): warning C4244: '=': conversion from 'int' to 'float', possible loss of data
C:\Users\andres.perez.LIVEU-TAD\Documents\GitHub\C-\Programacion 2D\AndrésPérez_Practica7\src\World.cpp(105,23): warning C4244: '=': conversion from 'int' to 'float', possible loss of data
C:\Users\andres.perez.LIVEU-TAD\Documents\GitHub\C-\Programacion 2D\AndrésPérez_Practica7\src\World.cpp(151,31): warning C4244: 'initializing': conversion from 'int' to 'float', possible loss of data
C:\Users\andres.perez.LIVEU-TAD\Documents\GitHub\C-\Programacion 2D\AndrésPérez_Practica7\src\World.cpp(152,95): warning C4244: 'argument': conversion from 'int' to 'float', possible loss of data
C:\Users\andres.perez.LIVEU-TAD\Documents\GitHub\C-\Programacion 2D\AndrésPérez_Practica7\src\World.cpp(152,62): warning C4244: 'argument': conversion from 'int' to 'float', possible loss of data
C:\Users\andres.perez.LIVEU-TAD\Documents\GitHub\C-\Programacion 2D\AndrésPérez_Practica7\src\World.cpp(157,56): warning C4244: 'argument': conversion from 'int' to 'float', possible loss of data
C:\Users\andres.perez.LIVEU-TAD\Documents\GitHub\C-\Programacion 2D\AndrésPérez_Practica7\src\World.cpp(157,45): warning C4244: 'argument': conversion from 'int' to 'float', possible loss of data
C:\Users\andres.perez.LIVEU-TAD\Documents\GitHub\C-\Programacion 2D\AndrésPérez_Practica7\src\World.cpp(212,42): warning C4244: '+=': conversion from 'double' to 'float', possible loss of data
C:\Users\andres.perez.LIVEU-TAD\Documents\GitHub\C-\Programacion 2D\AndrésPérez_Practica7\src\World.cpp(238,27): warning C4244: '=': conversion from 'double' to 'float', possible loss of data
C:\Users\andres.perez.LIVEU-TAD\Documents\GitHub\C-\Programacion 2D\AndrésPérez_Practica7\src\World.cpp(240,17): warning C4244: '=': conversion from 'double' to 'float', possible loss of data
  main.cpp
C:\Program Files (x86)\Windows Kits\10\Include\10.0.19041.0\shared\minwindef.h(130,1): warning C4005: 'APIENTRY': macro redefinition
C:\Users\andres.perez.LIVEU-TAD\Documents\GitHub\C-\Programacion 2D\AndrésPérez_Practica7\lib\glfw3.h(98): message : see previous definition of 'APIENTRY'
C:\Users\andres.perez.LIVEU-TAD\Documents\GitHub\C-\Programacion 2D\AndrésPérez_Practica7\src\Background.h(32,5): warning C4244: 'initializing': conversion from 'int' to 'float', possible loss of data
C:\Users\andres.perez.LIVEU-TAD\Documents\GitHub\C-\Programacion 2D\AndrésPérez_Practica7\src\Background.h(33,5): warning C4244: 'initializing': conversion from 'int' to 'float', possible loss of data
C:\Users\andres.perez.LIVEU-TAD\Documents\GitHub\C-\Programacion 2D\AndrésPérez_Practica7\src\World.h(68,73): warning C4244: '=': conversion from 'int' to 'float', possible loss of data
C:\Users\andres.perez.LIVEU-TAD\Documents\GitHub\C-\Programacion 2D\AndrésPérez_Practica7\src\main.cpp(130,22): warning C4244: '=': conversion from 'double' to 'float', possible loss of data
C:\Users\andres.perez.LIVEU-TAD\Documents\GitHub\C-\Programacion 2D\AndrésPérez_Practica7\src\main.cpp(131,22): warning C4244: '=': conversion from 'double' to 'float', possible loss of data
C:\Users\andres.perez.LIVEU-TAD\Documents\GitHub\C-\Programacion 2D\AndrésPérez_Practica7\src\main.cpp(135,37): warning C4244: 'argument': conversion from 'double' to 'float', possible loss of data
C:\Users\andres.perez.LIVEU-TAD\Documents\GitHub\C-\Programacion 2D\AndrésPérez_Practica7\src\main.cpp(139,39): warning C4244: 'argument': conversion from 'int' to 'float', possible loss of data
C:\Users\andres.perez.LIVEU-TAD\Documents\GitHub\C-\Programacion 2D\AndrésPérez_Practica7\src\main.cpp(139,26): warning C4244: 'argument': conversion from 'int' to 'float', possible loss of data
  Generating Code...
C:\Users\andres.perez.LIVEU-TAD\Documents\GitHub\C-\Programacion 2D\AndrésPérez_Practica7\src\World.cpp(169): warning C4715: 'World::loadMap': not all control paths return a value
LINK : warning LNK4098: defaultlib 'MSVCRT' conflicts with use of other libs; use /NODEFAULTLIB:library
  programacion2d.vcxproj -> C:\Users\andres.perez.LIVEU-TAD\Documents\GitHub\C-\Programacion 2D\AndrésPérez_Practica7\project\Debug\programacion2d.exe
