c:\users\andres.perez\documents\github\c-\andréspérez_practica6\debug\vc142.pdb
c:\users\andres.perez\documents\github\c-\andréspérez_practica6\debug\vc142.idb
c:\users\andres.perez\documents\github\c-\andréspérez_practica6\debug\apm_practica6.obj
c:\users\andres.perez\documents\github\c-\andréspérez_practicas\debug\andréspérez_practica6.exe
c:\users\andres.perez\documents\github\c-\andréspérez_practicas\debug\andréspérez_practica6.ilk
c:\users\andres.perez\documents\github\c-\andréspérez_practicas\debug\andréspérez_practica6.pdb
d:\u-tad\master\c-\andréspérez_practica6\debug\apm_practica6.obj
d:\u-tad\master\c-\andréspérez_practica6\debug\andréspérez_practica6.ilk
d:\u-tad\master\c-\andréspérez_practica6\debug\vc142.idb
d:\u-tad\master\c-\andréspérez_practica6\debug\vc142.pdb
d:\u-tad\master\c-\andréspérez_practicas\debug\andréspérez_practica6.pdb
d:\u-tad\master\c-\andréspérez_practicas\debug\andréspérez_practica6.exe
d:\u-tad\master\c-\andréspérez_practicas\debug\andréspérez_practica6.ilk
d:\u-tad\master\c-\andréspérez_practica6\debug\andréspé.67ba1c93.tlog\cl.command.1.tlog
d:\u-tad\master\c-\andréspérez_practica6\debug\andréspé.67ba1c93.tlog\cl.read.1.tlog
d:\u-tad\master\c-\andréspérez_practica6\debug\andréspé.67ba1c93.tlog\cl.write.1.tlog
d:\u-tad\master\c-\andréspérez_practica6\debug\andréspé.67ba1c93.tlog\link.command.1.tlog
d:\u-tad\master\c-\andréspérez_practica6\debug\andréspé.67ba1c93.tlog\link.delete.1.tlog
d:\u-tad\master\c-\andréspérez_practica6\debug\andréspé.67ba1c93.tlog\link.read.1.tlog
d:\u-tad\master\c-\andréspérez_practica6\debug\andréspé.67ba1c93.tlog\link.write.1.tlog
