  glew.c
  Buffer.cpp
C:\Users\andres.perez.LIVEU-TAD\Documents\GitHub\C-\Programacion3D\plantilla3d\src\State.h(3,10): fatal error C1083: Cannot open include file: 'glm.hpp': No such file or directory
  Camera.cpp
C:\Users\andres.perez.LIVEU-TAD\Documents\GitHub\C-\Programacion3D\plantilla3d\src\Entity.h(3,10): fatal error C1083: Cannot open include file: 'glm.hpp': No such file or directory
  Common.cpp
  Engine3D.cpp
C:\Users\andres.perez.LIVEU-TAD\Documents\GitHub\C-\Programacion3D\plantilla3d\src\State.h(3,10): fatal error C1083: Cannot open include file: 'glm.hpp': No such file or directory
  Entity.cpp
C:\Users\andres.perez.LIVEU-TAD\Documents\GitHub\C-\Programacion3D\plantilla3d\src\Entity.h(3,10): fatal error C1083: Cannot open include file: 'glm.hpp': No such file or directory
  main.cpp
C:\Users\andres.perez.LIVEU-TAD\Documents\GitHub\C-\Programacion3D\plantilla3d\src\State.h(3,10): fatal error C1083: Cannot open include file: 'glm.hpp': No such file or directory
  Material.cpp
C:\Users\andres.perez.LIVEU-TAD\Documents\GitHub\C-\Programacion3D\plantilla3d\src\State.h(3,10): fatal error C1083: Cannot open include file: 'glm.hpp': No such file or directory
  Mesh.cpp
C:\Users\andres.perez.LIVEU-TAD\Documents\GitHub\C-\Programacion3D\plantilla3d\src\State.h(3,10): fatal error C1083: Cannot open include file: 'glm.hpp': No such file or directory
  Model.cpp
C:\Users\andres.perez.LIVEU-TAD\Documents\GitHub\C-\Programacion3D\plantilla3d\src\Entity.h(3,10): fatal error C1083: Cannot open include file: 'glm.hpp': No such file or directory
  Shader.cpp
C:\Users\andres.perez.LIVEU-TAD\Documents\GitHub\C-\Programacion3D\plantilla3d\src\Shader.h(2,10): fatal error C1083: Cannot open include file: 'glm.hpp': No such file or directory
  State.cpp
C:\Users\andres.perez.LIVEU-TAD\Documents\GitHub\C-\Programacion3D\plantilla3d\src\State.h(3,10): fatal error C1083: Cannot open include file: 'glm.hpp': No such file or directory
  Texture.cpp
C:\Users\andres.perez.LIVEU-TAD\Documents\GitHub\C-\Programacion3D\plantilla3d\src\Texture.h(2,10): fatal error C1083: Cannot open include file: 'stb_image.h': No such file or directory
  Util.cpp
  World.cpp
C:\Users\andres.perez.LIVEU-TAD\Documents\GitHub\C-\Programacion3D\plantilla3d\src\Entity.h(3,10): fatal error C1083: Cannot open include file: 'glm.hpp': No such file or directory
  Generating Code...
