  BallComponent.cpp
C:\Users\andre\Desktop\Hellevator\C-\_Arquitectura\1_Skeleton\1_Skeleton\swalib-master\common\BallComponent.cpp(16,7): error C2065: 'm_currentPos': identificador no declarado
C:\Users\andre\Desktop\Hellevator\C-\_Arquitectura\1_Skeleton\1_Skeleton\swalib-master\common\BallComponent.cpp(16,39): error C2065: 'm_currentPos': identificador no declarado
C:\Users\andre\Desktop\Hellevator\C-\_Arquitectura\1_Skeleton\1_Skeleton\swalib-master\common\BallComponent.cpp(20,7): error C2065: 'm_currentPos': identificador no declarado
C:\Users\andre\Desktop\Hellevator\C-\_Arquitectura\1_Skeleton\1_Skeleton\swalib-master\common\BallComponent.cpp(20,40): error C2065: 'm_currentPos': identificador no declarado
  EngineRenderer.cpp
  example.cpp
C:\Users\andre\Desktop\Hellevator\C-\_Arquitectura\1_Skeleton\1_Skeleton\swalib-master\common\Managers.h(11,14): error C2065: 'CBall': identificador no declarado
C:\Users\andre\Desktop\Hellevator\C-\_Arquitectura\1_Skeleton\1_Skeleton\swalib-master\common\Managers.h(11,20): error C2059: error de sintaxis: '>'
C:\Users\andre\Desktop\Hellevator\C-\_Arquitectura\1_Skeleton\1_Skeleton\swalib-master\common\Managers.h(14,17): error C2143: error de sintaxis: falta ';' delante de '*'
C:\Users\andre\Desktop\Hellevator\C-\_Arquitectura\1_Skeleton\1_Skeleton\swalib-master\common\Managers.h(14,17): error C4430: falta el especificador de tipo; se presupone int. Nota: C++ no admite default-int
C:\Users\andre\Desktop\Hellevator\C-\_Arquitectura\1_Skeleton\1_Skeleton\swalib-master\common\Managers.h(14,37): error C2238: símbolos (token) inesperados delante de ';'
C:\Users\andre\Desktop\Hellevator\C-\_Arquitectura\1_Skeleton\1_Skeleton\swalib-master\common\Managers.h(33,14): error C2065: 'CBall': identificador no declarado
C:\Users\andre\Desktop\Hellevator\C-\_Arquitectura\1_Skeleton\1_Skeleton\swalib-master\common\Managers.h(33,20): error C2059: error de sintaxis: '>'
C:\Users\andre\Desktop\Hellevator\C-\_Arquitectura\1_Skeleton\1_Skeleton\swalib-master\common\Managers.h(34,7): error C2143: error de sintaxis: falta ';' delante de '*'
C:\Users\andre\Desktop\Hellevator\C-\_Arquitectura\1_Skeleton\1_Skeleton\swalib-master\common\Managers.h(34,7): error C4430: falta el especificador de tipo; se presupone int. Nota: C++ no admite default-int
C:\Users\andre\Desktop\Hellevator\C-\_Arquitectura\1_Skeleton\1_Skeleton\swalib-master\common\Managers.h(34,25): error C2334: símbolos (token) inesperados delante de '{'; se pasará por alto el cuerpo de función aparente
  font.cpp
  SpriteRenderer.cpp
C:\Users\andre\Desktop\Hellevator\C-\_Arquitectura\1_Skeleton\1_Skeleton\swalib-master\common\SpriteRenderer.cpp(27,17): warning C4244: '=': conversión de 'float' a 'int'; posible pérdida de datos
C:\Users\andre\Desktop\Hellevator\C-\_Arquitectura\1_Skeleton\1_Skeleton\swalib-master\common\SpriteRenderer.cpp(28,18): warning C4244: '=': conversión de 'float' a 'int'; posible pérdida de datos
C:\Users\andre\Desktop\Hellevator\C-\_Arquitectura\1_Skeleton\1_Skeleton\swalib-master\common\SpriteRenderer.cpp(37,23): warning C4244: 'argumento': conversión de 'int' a 'float'; posible pérdida de datos
C:\Users\andre\Desktop\Hellevator\C-\_Arquitectura\1_Skeleton\1_Skeleton\swalib-master\common\SpriteRenderer.cpp(37,10): warning C4244: 'argumento': conversión de 'int' a 'float'; posible pérdida de datos
  TextureBank.cpp
  Time.cpp
  Generando código...
