c:\users\andres.perez\documents\github\c-\_arquitectura\1_skeleton\1_skeleton\swalib-master\swalib_example\swalib_example\debug\vc142.pdb
c:\users\andres.perez\documents\github\c-\_arquitectura\1_skeleton\1_skeleton\swalib-master\swalib_example\swalib_example\debug\vc142.idb
c:\users\andres.perez\documents\github\c-\_arquitectura\1_skeleton\1_skeleton\swalib-master\swalib_example\swalib_example\debug\sys_win.obj
c:\users\andres.perez\documents\github\c-\_arquitectura\1_skeleton\1_skeleton\swalib-master\swalib_example\swalib_example\debug\stdafx.obj
c:\users\andres.perez\documents\github\c-\_arquitectura\1_skeleton\1_skeleton\swalib-master\swalib_example\swalib_example\debug\renderer.obj
c:\users\andres.perez\documents\github\c-\_arquitectura\1_skeleton\1_skeleton\swalib-master\swalib_example\swalib_example\debug\lodepng.obj
c:\users\andres.perez\documents\github\c-\_arquitectura\1_skeleton\1_skeleton\swalib-master\swalib_example\swalib_example\debug\font.obj
c:\users\andres.perez\documents\github\c-\_arquitectura\1_skeleton\1_skeleton\swalib-master\swalib_example\swalib_example\debug\example.obj
c:\users\andres.perez\documents\github\c-\_arquitectura\1_skeleton\1_skeleton\swalib-master\swalib_example\swalib_example\debug\core.obj
c:\users\andres.perez\documents\github\c-\_arquitectura\1_skeleton\1_skeleton\swalib-master\swalib_example\swalib_example\debug\balllogic.obj
c:\users\andres.perez\documents\github\c-\_arquitectura\1_skeleton\1_skeleton\swalib-master\swalib_example\debug\swalib_example.pdb
c:\users\andres.perez\documents\github\c-\_arquitectura\1_skeleton\1_skeleton\swalib-master\swalib_example\swalib_example\debug\swalib_example.tlog\cl.command.1.tlog
c:\users\andres.perez\documents\github\c-\_arquitectura\1_skeleton\1_skeleton\swalib-master\swalib_example\swalib_example\debug\swalib_example.tlog\cl.read.1.tlog
c:\users\andres.perez\documents\github\c-\_arquitectura\1_skeleton\1_skeleton\swalib-master\swalib_example\swalib_example\debug\swalib_example.tlog\cl.write.1.tlog
c:\users\andres.perez\documents\github\c-\_arquitectura\1_skeleton\1_skeleton\swalib-master\swalib_example\swalib_example\debug\swalib_example.tlog\link-cvtres.read.1.tlog
c:\users\andres.perez\documents\github\c-\_arquitectura\1_skeleton\1_skeleton\swalib-master\swalib_example\swalib_example\debug\swalib_example.tlog\link-cvtres.write.1.tlog
c:\users\andres.perez\documents\github\c-\_arquitectura\1_skeleton\1_skeleton\swalib-master\swalib_example\swalib_example\debug\swalib_example.tlog\link-rc.read.1.tlog
c:\users\andres.perez\documents\github\c-\_arquitectura\1_skeleton\1_skeleton\swalib-master\swalib_example\swalib_example\debug\swalib_example.tlog\link-rc.write.1.tlog
c:\users\andres.perez\documents\github\c-\_arquitectura\1_skeleton\1_skeleton\swalib-master\swalib_example\swalib_example\debug\swalib_example.tlog\link.command.1.tlog
c:\users\andres.perez\documents\github\c-\_arquitectura\1_skeleton\1_skeleton\swalib-master\swalib_example\swalib_example\debug\swalib_example.tlog\link.read.1.tlog
c:\users\andres.perez\documents\github\c-\_arquitectura\1_skeleton\1_skeleton\swalib-master\swalib_example\swalib_example\debug\swalib_example.tlog\link.write.1.tlog
