  Sprite.cpp
C:\Users\andres.perez.LIVEU-TAD\Documents\GitHub\C-\Programacion 2D\AndrésPérez_Practica4\src\Sprite.h(91,52): warning C4244: 'argument': conversion from 'const int' to 'float', possible loss of data
C:\Users\andres.perez.LIVEU-TAD\Documents\GitHub\C-\Programacion 2D\AndrésPérez_Practica4\src\Sprite.h(91,45): warning C4244: 'argument': conversion from 'const int' to 'float', possible loss of data
C:\Users\andres.perez.LIVEU-TAD\Documents\GitHub\C-\Programacion 2D\AndrésPérez_Practica4\src\Sprite.cpp(29,10): warning C4244: 'argument': conversion from 'const int' to 'float', possible loss of data
C:\Users\andres.perez.LIVEU-TAD\Documents\GitHub\C-\Programacion 2D\AndrésPérez_Practica4\src\Sprite.cpp(29,3): warning C4244: 'argument': conversion from 'const int' to 'float', possible loss of data
  main.cpp
C:\Program Files (x86)\Windows Kits\10\Include\10.0.19041.0\shared\minwindef.h(130,1): warning C4005: 'APIENTRY': macro redefinition
C:\Users\andres.perez.LIVEU-TAD\Documents\GitHub\C-\Programacion 2D\AndrésPérez_Practica4\lib\glfw3.h(98): message : see previous definition of 'APIENTRY'
C:\Users\andres.perez.LIVEU-TAD\Documents\GitHub\C-\Programacion 2D\AndrésPérez_Practica4\src\Sprite.h(91,52): warning C4244: 'argument': conversion from 'const int' to 'float', possible loss of data
C:\Users\andres.perez.LIVEU-TAD\Documents\GitHub\C-\Programacion 2D\AndrésPérez_Practica4\src\Sprite.h(91,45): warning C4244: 'argument': conversion from 'const int' to 'float', possible loss of data
C:\Users\andres.perez.LIVEU-TAD\Documents\GitHub\C-\Programacion 2D\AndrésPérez_Practica4\src\main.cpp(96,22): warning C4244: '=': conversion from 'double' to 'float', possible loss of data
C:\Users\andres.perez.LIVEU-TAD\Documents\GitHub\C-\Programacion 2D\AndrésPérez_Practica4\src\main.cpp(97,22): warning C4244: '=': conversion from 'double' to 'float', possible loss of data
C:\Users\andres.perez.LIVEU-TAD\Documents\GitHub\C-\Programacion 2D\AndrésPérez_Practica4\src\main.cpp(104,33): warning C4244: 'initializing': conversion from 'int' to 'float', possible loss of data
C:\Users\andres.perez.LIVEU-TAD\Documents\GitHub\C-\Programacion 2D\AndrésPérez_Practica4\src\main.cpp(105,33): warning C4244: 'initializing': conversion from 'int' to 'float', possible loss of data
C:\Users\andres.perez.LIVEU-TAD\Documents\GitHub\C-\Programacion 2D\AndrésPérez_Practica4\src\main.cpp(106,65): warning C4244: 'argument': conversion from 'int' to 'float', possible loss of data
C:\Users\andres.perez.LIVEU-TAD\Documents\GitHub\C-\Programacion 2D\AndrésPérez_Practica4\src\main.cpp(106,52): warning C4244: 'argument': conversion from 'int' to 'float', possible loss of data
C:\Users\andres.perez.LIVEU-TAD\Documents\GitHub\C-\Programacion 2D\AndrésPérez_Practica4\src\main.cpp(115,76): warning C4244: '+=': conversion from 'double' to 'float', possible loss of data
C:\Users\andres.perez.LIVEU-TAD\Documents\GitHub\C-\Programacion 2D\AndrésPérez_Practica4\src\main.cpp(124,76): warning C4244: '-=': conversion from 'double' to 'float', possible loss of data
C:\Users\andres.perez.LIVEU-TAD\Documents\GitHub\C-\Programacion 2D\AndrésPérez_Practica4\src\main.cpp(135,76): warning C4244: '+=': conversion from 'double' to 'float', possible loss of data
C:\Users\andres.perez.LIVEU-TAD\Documents\GitHub\C-\Programacion 2D\AndrésPérez_Practica4\src\main.cpp(144,76): warning C4244: '-=': conversion from 'double' to 'float', possible loss of data
C:\Users\andres.perez.LIVEU-TAD\Documents\GitHub\C-\Programacion 2D\AndrésPérez_Practica4\src\main.cpp(157,35): warning C4244: 'initializing': conversion from 'int' to 'float', possible loss of data
C:\Users\andres.perez.LIVEU-TAD\Documents\GitHub\C-\Programacion 2D\AndrésPérez_Practica4\src\main.cpp(158,35): warning C4244: 'initializing': conversion from 'int' to 'float', possible loss of data
C:\Users\andres.perez.LIVEU-TAD\Documents\GitHub\C-\Programacion 2D\AndrésPérez_Practica4\src\main.cpp(159,67): warning C4244: 'argument': conversion from 'int' to 'float', possible loss of data
C:\Users\andres.perez.LIVEU-TAD\Documents\GitHub\C-\Programacion 2D\AndrésPérez_Practica4\src\main.cpp(159,54): warning C4244: 'argument': conversion from 'int' to 'float', possible loss of data
C:\Users\andres.perez.LIVEU-TAD\Documents\GitHub\C-\Programacion 2D\AndrésPérez_Practica4\src\main.cpp(165,113): warning C4244: 'argument': conversion from 'int' to 'float', possible loss of data
C:\Users\andres.perez.LIVEU-TAD\Documents\GitHub\C-\Programacion 2D\AndrésPérez_Practica4\src\main.cpp(165,105): warning C4244: 'argument': conversion from 'int' to 'float', possible loss of data
C:\Users\andres.perez.LIVEU-TAD\Documents\GitHub\C-\Programacion 2D\AndrésPérez_Practica4\src\main.cpp(176,127): warning C4244: 'argument': conversion from 'int' to 'float', possible loss of data
C:\Users\andres.perez.LIVEU-TAD\Documents\GitHub\C-\Programacion 2D\AndrésPérez_Practica4\src\main.cpp(181,117): warning C4244: 'argument': conversion from 'int' to 'float', possible loss of data
C:\Users\andres.perez.LIVEU-TAD\Documents\GitHub\C-\Programacion 2D\AndrésPérez_Practica4\src\main.cpp(187,58): warning C4244: 'argument': conversion from 'int' to 'float', possible loss of data
C:\Users\andres.perez.LIVEU-TAD\Documents\GitHub\C-\Programacion 2D\AndrésPérez_Practica4\src\main.cpp(192,60): warning C4244: 'argument': conversion from 'int' to 'float', possible loss of data
  Generating Code...
  programacion2d.vcxproj -> C:\Users\andres.perez.LIVEU-TAD\Documents\GitHub\C-\Programacion 2D\AndrésPérez_Practica4\project\Debug\programacion2d.exe
