  main.cpp
C:\Github\C-\Programacion 2D\programacion2d\lib\litegfx.h(322,67): warning C4244: 'argument': conversion from 'double' to 'float', possible loss of data
  (compiling source file '../src/main.cpp')
  
C:\Github\C-\Programacion 2D\programacion2d\lib\litegfx.h(322,29): warning C4244: 'argument': conversion from 'double' to 'float', possible loss of data
  (compiling source file '../src/main.cpp')
  
C:\Github\C-\Programacion 2D\programacion2d\lib\litegfx.h(372,70): warning C4244: 'argument': conversion from 'const int' to 'float', possible loss of data
  (compiling source file '../src/main.cpp')
  
C:\Github\C-\Programacion 2D\programacion2d\lib\litegfx.h(372,58): warning C4244: 'argument': conversion from 'const int' to 'float', possible loss of data
  (compiling source file '../src/main.cpp')
  
C:\Github\C-\Programacion 2D\programacion2d\src\main.cpp(44,15): warning C4244: 'argument': conversion from 'time_t' to 'unsigned int', possible loss of data
C:\Github\C-\Programacion 2D\programacion2d\src\main.cpp(135,38): warning C4244: '-=': conversion from 'double' to 'float', possible loss of data
C:\Github\C-\Programacion 2D\programacion2d\src\main.cpp(196,36): warning C4244: 'argument': conversion from 'double' to 'float', possible loss of data
  CTime.cpp
  Font.cpp
C:\Github\C-\Programacion 2D\programacion2d\project\Font.cpp(26,32): warning C4018: '<': signed/unsigned mismatch
C:\Github\C-\Programacion 2D\programacion2d\project\Font.cpp(34,46): warning C4244: 'argument': conversion from 'int' to 'float', possible loss of data
C:\Github\C-\Programacion 2D\programacion2d\project\Font.cpp(37,32): warning C4018: '<': signed/unsigned mismatch
C:\Github\C-\Programacion 2D\programacion2d\project\Font.cpp(42,37): warning C4018: '<': signed/unsigned mismatch
  vec2.cpp
  WordRender.cpp
C:\Github\C-\Programacion 2D\programacion2d\project\WordRender.cpp(7,14): warning C4244: 'initializing': conversion from 'int' to 'float', possible loss of data
C:\Github\C-\Programacion 2D\programacion2d\project\WordRender.cpp(8,7): warning C4244: 'initializing': conversion from 'int' to 'float', possible loss of data
  Generating Code...
LINK : warning LNK4098: defaultlib 'MSVCRT' conflicts with use of other libs; use /NODEFAULTLIB:library
  programacion2d.vcxproj -> C:\Github\C-\Programacion 2D\programacion2d\project\Debug\programacion2d.exe
