Log file open, 11/29/21 18:03:26
LogWindows: Failed to load 'aqProf.dll' (GetLastError=126)
LogWindows: File 'aqProf.dll' does not exist
LogWindows: Failed to load 'VtuneApi.dll' (GetLastError=126)
LogWindows: File 'VtuneApi.dll' does not exist
LogWindows: Failed to load 'VtuneApi32e.dll' (GetLastError=126)
LogWindows: File 'VtuneApi32e.dll' does not exist
LogConsoleResponse: Display: Failed to find resolution value strings in scalability ini. Falling back to default.
LogConsoleResponse: Display: Failed to find resolution value strings in scalability ini. Falling back to default.
LogInit: Display: Running engine for game: PruebasClase
LogPlatformFile: Not using cached read wrapper
LogTaskGraph: Started task graph with 5 named threads and 83 total threads with 3 sets of task threads.
LogStats: Stats thread started at 0.967391
LogICUInternationalization: ICU TimeZone Detection - Raw Offset: +1:00, Platform Override: ''
LogInit: Display: Loading text-based GConfig....
LogPluginManager: Mounting plugin MeshPainting
LogPluginManager: Mounting plugin XGEController
LogPluginManager: Mounting plugin Paper2D
LogPluginManager: Mounting plugin AISupport
LogPluginManager: Mounting plugin EnvironmentQueryEditor
LogPluginManager: Mounting plugin LightPropagationVolume
LogPluginManager: Mounting plugin OodleData
LogPluginManager: Mounting plugin LiveLink
LogPluginManager: Mounting plugin CameraShakePreviewer
LogPluginManager: Mounting plugin GameplayCameras
LogPluginManager: Mounting plugin AnimationSharing
LogPluginManager: Mounting plugin OodleNetwork
LogPluginManager: Mounting plugin CLionSourceCodeAccess
LogPluginManager: Mounting plugin CodeLiteSourceCodeAccess
LogPluginManager: Mounting plugin KDevelopSourceCodeAccess
LogPluginManager: Mounting plugin GitSourceControl
LogPluginManager: Mounting plugin NullSourceCodeAccess
LogPluginManager: Mounting plugin PixWinPlugin
LogPluginManager: Mounting plugin DatasmithContent
LogPluginManager: Mounting plugin PerforceSourceControl
LogPluginManager: Mounting plugin PlasticSourceControl
LogPluginManager: Mounting plugin PluginUtils
LogPluginManager: Mounting plugin RiderSourceCodeAccess
LogPluginManager: Mounting plugin PropertyAccessNode
LogPluginManager: Mounting plugin VariantManagerContent
LogPluginManager: Mounting plugin AlembicImporter
LogPluginManager: Mounting plugin SubversionSourceControl
LogPluginManager: Mounting plugin AssetManagerEditor
LogPluginManager: Mounting plugin AutomationUtils
LogPluginManager: Mounting plugin BackChannel
LogPluginManager: Mounting plugin CryptoKeys
LogPluginManager: Mounting plugin CurveEditorTools
LogPluginManager: Mounting plugin DataValidation
LogPluginManager: Mounting plugin FacialAnimation
LogPluginManager: Mounting plugin TextureFormatOodle
LogPluginManager: Mounting plugin GameplayTagsEditor
LogPluginManager: Mounting plugin ChaosCloth
LogPluginManager: Mounting plugin GeometryMode
LogPluginManager: Mounting plugin UObjectPlugin
LogPluginManager: Mounting plugin MacGraphicsSwitching
LogPluginManager: Mounting plugin ChaosClothEditor
LogPluginManager: Mounting plugin MaterialAnalyzer
LogPluginManager: Mounting plugin ChaosNiagara
LogPluginManager: Mounting plugin ChaosEditor
LogPluginManager: Mounting plugin MobileLauncherProfileWizard
LogPluginManager: Mounting plugin SpeedTreeImporter
LogPluginManager: Mounting plugin PluginBrowser
LogPluginManager: Mounting plugin XCodeSourceCodeAccess
LogPluginManager: Mounting plugin VisualStudioCodeSourceCodeAccess
LogPluginManager: Mounting plugin VisualStudioSourceCodeAccess
LogPluginManager: Mounting plugin CharacterAI
LogPluginManager: Mounting plugin ChaosSolverPlugin
LogPluginManager: Mounting plugin GeometryProcessing
LogPluginManager: Mounting plugin GeometryCollectionPlugin
LogPluginManager: Mounting plugin GeometryCache
LogPluginManager: Mounting plugin MotoSynth
LogPluginManager: Mounting plugin OpenImageDenoise
LogPluginManager: Mounting plugin PlanarCut
LogPluginManager: Mounting plugin PlatformCrypto
LogPluginManager: Mounting plugin PythonScriptPlugin
LogPluginManager: Mounting plugin ProxyLODPlugin
LogPluginManager: Mounting plugin SkeletalReduction
LogPluginManager: Mounting plugin Niagara
LogPluginManager: Mounting plugin AndroidMedia
LogPluginManager: Mounting plugin AvfMedia
LogPluginManager: Mounting plugin LuminPlatformFeatures
LogPluginManager: Mounting plugin MagicLeap
LogPluginManager: Mounting plugin ImgMedia
LogPluginManager: Mounting plugin MediaCompositing
LogPluginManager: Mounting plugin MediaPlayerEditor
LogPluginManager: Mounting plugin WebMMedia
LogPluginManager: Mounting plugin WmfMedia
LogPluginManager: Mounting plugin MagicLeapMedia
LogPluginManager: Mounting plugin MagicLeapLightEstimation
LogPluginManager: Mounting plugin MagicLeapPassableWorld
LogPluginManager: Mounting plugin MLSDK
LogPluginManager: Mounting plugin ActorSequence
LogPluginManager: Mounting plugin MatineeToLevelSequence
LogPluginManager: Mounting plugin LevelSequenceEditor
LogPluginManager: Mounting plugin TcpMessaging
LogPluginManager: Mounting plugin UdpMessaging
LogPluginManager: Mounting plugin TemplateSequence
LogPluginManager: Mounting plugin LauncherChunkInstaller
LogPluginManager: Mounting plugin OnlineSubsystem
LogPluginManager: Mounting plugin OnlineSubsystemNull
LogPluginManager: Mounting plugin OnlineSubsystemUtils
LogPluginManager: Mounting plugin ActorLayerUtilities
LogPluginManager: Mounting plugin AndroidDeviceProfileSelector
LogPluginManager: Mounting plugin AndroidPermission
LogPluginManager: Mounting plugin AndroidMoviePlayer
LogPluginManager: Mounting plugin AppleImageUtils
LogPluginManager: Mounting plugin ArchVisCharacter
LogPluginManager: Mounting plugin AudioCapture
LogPluginManager: Mounting plugin AssetTags
LogPluginManager: Mounting plugin AppleMoviePlayer
LogPluginManager: Mounting plugin AudioSynesthesia
LogPluginManager: Mounting plugin ChunkDownloader
LogPluginManager: Mounting plugin CableComponent
LogPluginManager: Mounting plugin CustomMeshComponent
LogPluginManager: Mounting plugin EditableMesh
LogPluginManager: Mounting plugin ExampleDeviceProfileSelector
LogPluginManager: Mounting plugin GoogleCloudMessaging
LogPluginManager: Mounting plugin GooglePAD
LogPluginManager: Mounting plugin LinuxDeviceProfileSelector
LogPluginManager: Mounting plugin IOSDeviceProfileSelector
LogPluginManager: Mounting plugin LocationServicesBPLibrary
LogPluginManager: Mounting plugin MobilePatchingUtils
LogPluginManager: Mounting plugin ScreenshotTools
LogPluginManager: Mounting plugin OpenXR
LogPluginManager: Mounting plugin OpenXREyeTracker
LogPluginManager: Mounting plugin OpenXRHandTracking
LogPluginManager: Mounting plugin Takes
LogPluginManager: Mounting plugin PhysXVehicles
LogPluginManager: Mounting plugin ProceduralMeshComponent
LogPluginManager: Mounting plugin PostSplashScreen
LogPluginManager: Mounting plugin PropertyAccessEditor
LogPluginManager: Mounting plugin RuntimePhysXCooking
LogPluginManager: Mounting plugin SignificanceManager
LogPluginManager: Mounting plugin SoundFields
LogPluginManager: Mounting plugin Synthesis
LogPluginManager: Mounting plugin WebMMoviePlayer
LogPluginManager: Mounting plugin WindowsMoviePlayer
LogPluginManager: Mounting plugin ContentBrowserClassDataSource
LogPluginManager: Mounting plugin ContentBrowserAssetDataSource
LogPluginManager: Mounting plugin ContentBrowserFileDataSource
LogPluginManager: Mounting plugin OnlineSubsystemGooglePlay
LogPluginManager: Mounting plugin OnlineSubsystemIOS
LogPluginManager: Mounting plugin OculusVR
LogPluginManager: Mounting plugin SteamVR
PixWinPlugin: PIX capture plugin failed to initialize! Check that the process is launched from PIX.
LogInit: Using libcurl 7.55.1-DEV
LogInit:  - built for x86_64-pc-win32
LogInit:  - supports SSL with OpenSSL/1.1.1
LogInit:  - supports HTTP deflate (compression) using libz 1.2.8
LogInit:  - other features:
LogInit:      CURL_VERSION_SSL
LogInit:      CURL_VERSION_LIBZ
LogInit:      CURL_VERSION_IPV6
LogInit:      CURL_VERSION_ASYNCHDNS
LogInit:      CURL_VERSION_LARGEFILE
LogInit:      CURL_VERSION_IDN
LogInit:  CurlRequestOptions (configurable via config and command line):
LogInit:  - bVerifyPeer = true  - Libcurl will verify peer certificate
LogInit:  - bUseHttpProxy = false  - Libcurl will NOT use HTTP proxy
LogInit:  - bDontReuseConnections = false  - Libcurl will reuse connections
LogInit:  - MaxHostConnections = 16  - Libcurl will limit the number of connections to a host
LogInit:  - LocalHostAddr = Default
LogInit:  - BufferSize = 65536
LogOnline: OSS: Creating online subsystem instance for: NULL
LogInit: WinSock: version 1.1 (2.2), MaxSocks=32767, MaxUdp=65467
LogOnline: OSS: TryLoadSubsystemAndSetDefault: Loaded subsystem for module [NULL]
LogOculusPluginWrapper: OculusPlugin initialized successfully
LogHMD: Failed initializing OVRPlugin 1.59.0
LogInit: Build: ++UE4+Release-4.27-CL-17155196
LogInit: Engine Version: 4.27.0-17155196+++UE4+Release-4.27
LogInit: Compatible Engine Version: 4.27.0-17155196+++UE4+Release-4.27
LogInit: Net CL: 17155196
LogInit: OS: Windows 10 (Release 2009) (), CPU: Intel(R) Core(TM) i9-10980XE CPU @ 3.00GHz, GPU: NVIDIA GeForce RTX 3080
LogInit: Compiled (64-bit): Aug 13 2021 06:13:13
LogInit: Compiled with Visual C++: 19.24.28315.00
LogInit: Build Configuration: Development
LogInit: Branch Name: ++UE4+Release-4.27
LogInit: Command Line: 
LogInit: Base Directory: C:/Program Files/Epic Games/UE_4.27/Engine/Binaries/Win64/
LogInit: Allocator: TBB
LogInit: Installed Engine Build: 1
LogDevObjectVersion: Number of dev versions registered: 29
LogDevObjectVersion:   Dev-Blueprints (B0D832E4-1F89-4F0D-ACCF-7EB736FD4AA2): 10
LogDevObjectVersion:   Dev-Build (E1C64328-A22C-4D53-A36C-8E866417BD8C): 0
LogDevObjectVersion:   Dev-Core (375EC13C-06E4-48FB-B500-84F0262A717E): 4
LogDevObjectVersion:   Dev-Editor (E4B068ED-F494-42E9-A231-DA0B2E46BB41): 40
LogDevObjectVersion:   Dev-Framework (CFFC743F-43B0-4480-9391-14DF171D2073): 37
LogDevObjectVersion:   Dev-Mobile (B02B49B5-BB20-44E9-A304-32B752E40360): 3
LogDevObjectVersion:   Dev-Networking (A4E4105C-59A1-49B5-A7C5-40C4547EDFEE): 0
LogDevObjectVersion:   Dev-Online (39C831C9-5AE6-47DC-9A44-9C173E1C8E7C): 0
LogDevObjectVersion:   Dev-Physics (78F01B33-EBEA-4F98-B9B4-84EACCB95AA2): 14
LogDevObjectVersion:   Dev-Platform (6631380F-2D4D-43E0-8009-CF276956A95A): 0
LogDevObjectVersion:   Dev-Rendering (12F88B9F-8875-4AFC-A67C-D90C383ABD29): 45
LogDevObjectVersion:   Dev-Sequencer (7B5AE74C-D270-4C10-A958-57980B212A5A): 13
LogDevObjectVersion:   Dev-VR (D7296918-1DD6-4BDD-9DE2-64A83CC13884): 3
LogDevObjectVersion:   Dev-LoadTimes (C2A15278-BFE7-4AFE-6C17-90FF531DF755): 1
LogDevObjectVersion:   Private-Geometry (6EACA3D4-40EC-4CC1-B786-8BED09428FC5): 3
LogDevObjectVersion:   Dev-AnimPhys (29E575DD-E0A3-4627-9D10-D276232CDCEA): 17
LogDevObjectVersion:   Dev-Anim (AF43A65D-7FD3-4947-9873-3E8ED9C1BB05): 15
LogDevObjectVersion:   Dev-ReflectionCapture (6B266CEC-1EC7-4B8F-A30B-E4D90942FC07): 1
LogDevObjectVersion:   Dev-Automation (0DF73D61-A23F-47EA-B727-89E90C41499A): 1
LogDevObjectVersion:   FortniteMain (601D1886-AC64-4F84-AA16-D3DE0DEAC7D6): 47
LogDevObjectVersion:   FortniteRelease (E7086368-6B23-4C58-8439-1B7016265E91): 1
LogDevObjectVersion:   Dev-Enterprise (9DFFBCD6-494F-0158-E221-12823C92A888): 10
LogDevObjectVersion:   Dev-Niagara (F2AED0AC-9AFE-416F-8664-AA7FFA26D6FC): 1
LogDevObjectVersion:   Dev-Destruction (174F1F0B-B4C6-45A5-B13F-2EE8D0FB917D): 10
LogDevObjectVersion:   Dev-Physics-Ext (35F94A83-E258-406C-A318-09F59610247C): 41
LogDevObjectVersion:   Dev-PhysicsMaterial-Chaos (B68FC16E-8B1B-42E2-B453-215C058844FE): 1
LogDevObjectVersion:   Dev-CineCamera (B2E18506-4273-CFC2-A54E-F4BB758BBA07): 1
LogDevObjectVersion:   Dev-VirtualProduction (64F58936-FD1B-42BA-BA96-7289D5D0FA4E): 1
LogDevObjectVersion:   Dev-MediaFramework (6F0ED827-A609-4895-9C91-998D90180EA4): 2
LogInit: Presizing for max 25165824 objects, including 0 objects not considered by GC, pre-allocating 0 bytes for permanent pool.
LogConfig: Applying CVar settings from Section [/Script/Engine.StreamingSettings] File [C:/Users/andres.perez/Documents/GitHub/C-/Unreal/Proyectos/PruebasClase/Saved/Config/Windows/Engine.ini]
LogConfig: Setting CVar [[s.MinBulkDataSizeForAsyncLoading:131072]]
LogConfig: Setting CVar [[s.AsyncLoadingThreadEnabled:0]]
LogConfig: Setting CVar [[s.EventDrivenLoaderEnabled:1]]
LogConfig: Setting CVar [[s.WarnIfTimeLimitExceeded:0]]
LogConfig: Setting CVar [[s.TimeLimitExceededMultiplier:1.5]]
LogConfig: Setting CVar [[s.TimeLimitExceededMinTime:0.005]]
LogConfig: Setting CVar [[s.UseBackgroundLevelStreaming:1]]
LogConfig: Setting CVar [[s.PriorityAsyncLoadingExtraTime:15.0]]
LogConfig: Setting CVar [[s.LevelStreamingActorsUpdateTimeLimit:5.0]]
LogConfig: Setting CVar [[s.PriorityLevelStreamingActorsUpdateExtraTime:5.0]]
LogConfig: Setting CVar [[s.LevelStreamingComponentsRegistrationGranularity:10]]
LogConfig: Setting CVar [[s.UnregisterComponentsTimeLimit:1.0]]
LogConfig: Setting CVar [[s.LevelStreamingComponentsUnregistrationGranularity:5]]
LogConfig: Setting CVar [[s.FlushStreamingOnExit:1]]
LogInit: Object subsystem initialized
LogConfig: Setting CVar [[con.DebugEarlyDefault:1]]
LogConfig: Setting CVar [[r.setres:1280x720]]
[2021.11.29-17.03.27:095][  0]LogConfig: Setting CVar [[r.VSync:0]]
[2021.11.29-17.03.27:095][  0]LogConfig: Setting CVar [[r.RHICmdBypass:0]]
[2021.11.29-17.03.27:096][  0]LogConfig: Applying CVar settings from Section [/Script/Engine.RendererSettings] File [C:/Users/andres.perez/Documents/GitHub/C-/Unreal/Proyectos/PruebasClase/Saved/Config/Windows/Engine.ini]
[2021.11.29-17.03.27:096][  0]LogConfig: Setting CVar [[r.GPUCrashDebugging:0]]
[2021.11.29-17.03.27:096][  0]LogConfig: Applying CVar settings from Section [/Script/Engine.RendererOverrideSettings] File [C:/Users/andres.perez/Documents/GitHub/C-/Unreal/Proyectos/PruebasClase/Saved/Config/Windows/Engine.ini]
[2021.11.29-17.03.27:096][  0]LogConfig: Applying CVar settings from Section [/Script/Engine.StreamingSettings] File [C:/Users/andres.perez/Documents/GitHub/C-/Unreal/Proyectos/PruebasClase/Saved/Config/Windows/Engine.ini]
[2021.11.29-17.03.27:096][  0]LogConfig: Setting CVar [[s.MinBulkDataSizeForAsyncLoading:131072]]
[2021.11.29-17.03.27:096][  0]LogConfig: Setting CVar [[s.AsyncLoadingThreadEnabled:0]]
[2021.11.29-17.03.27:096][  0]LogConfig: Setting CVar [[s.EventDrivenLoaderEnabled:1]]
[2021.11.29-17.03.27:096][  0]LogConfig: Setting CVar [[s.WarnIfTimeLimitExceeded:0]]
[2021.11.29-17.03.27:096][  0]LogConfig: Setting CVar [[s.TimeLimitExceededMultiplier:1.5]]
[2021.11.29-17.03.27:096][  0]LogConfig: Setting CVar [[s.TimeLimitExceededMinTime:0.005]]
[2021.11.29-17.03.27:096][  0]LogConfig: Setting CVar [[s.UseBackgroundLevelStreaming:1]]
[2021.11.29-17.03.27:096][  0]LogConfig: Setting CVar [[s.PriorityAsyncLoadingExtraTime:15.0]]
[2021.11.29-17.03.27:096][  0]LogConfig: Setting CVar [[s.LevelStreamingActorsUpdateTimeLimit:5.0]]
[2021.11.29-17.03.27:096][  0]LogConfig: Setting CVar [[s.PriorityLevelStreamingActorsUpdateExtraTime:5.0]]
[2021.11.29-17.03.27:096][  0]LogConfig: Setting CVar [[s.LevelStreamingComponentsRegistrationGranularity:10]]
[2021.11.29-17.03.27:096][  0]LogConfig: Setting CVar [[s.UnregisterComponentsTimeLimit:1.0]]
[2021.11.29-17.03.27:096][  0]LogConfig: Setting CVar [[s.LevelStreamingComponentsUnregistrationGranularity:5]]
[2021.11.29-17.03.27:096][  0]LogConfig: Setting CVar [[s.FlushStreamingOnExit:1]]
[2021.11.29-17.03.27:096][  0]LogConfig: Applying CVar settings from Section [/Script/Engine.GarbageCollectionSettings] File [C:/Users/andres.perez/Documents/GitHub/C-/Unreal/Proyectos/PruebasClase/Saved/Config/Windows/Engine.ini]
[2021.11.29-17.03.27:096][  0]LogConfig: Setting CVar [[gc.MaxObjectsNotConsideredByGC:1]]
[2021.11.29-17.03.27:096][  0]LogConfig: Setting CVar [[gc.SizeOfPermanentObjectPool:0]]
[2021.11.29-17.03.27:096][  0]LogConfig: Setting CVar [[gc.FlushStreamingOnGC:0]]
[2021.11.29-17.03.27:096][  0]LogConfig: Setting CVar [[gc.NumRetriesBeforeForcingGC:10]]
[2021.11.29-17.03.27:096][  0]LogConfig: Setting CVar [[gc.AllowParallelGC:1]]
[2021.11.29-17.03.27:096][  0]LogConfig: Setting CVar [[gc.TimeBetweenPurgingPendingKillObjects:61.1]]
[2021.11.29-17.03.27:096][  0]LogConfig: Setting CVar [[gc.MaxObjectsInEditor:25165824]]
[2021.11.29-17.03.27:096][  0]LogConfig: Setting CVar [[gc.IncrementalBeginDestroyEnabled:1]]
[2021.11.29-17.03.27:096][  0]LogConfig: Setting CVar [[gc.CreateGCClusters:1]]
[2021.11.29-17.03.27:096][  0]LogConfig: Setting CVar [[gc.MinGCClusterSize:5]]
[2021.11.29-17.03.27:096][  0]LogConfig: Setting CVar [[gc.ActorClusteringEnabled:0]]
[2021.11.29-17.03.27:097][  0]LogConfig: Setting CVar [[gc.BlueprintClusteringEnabled:0]]
[2021.11.29-17.03.27:097][  0]LogConfig: Setting CVar [[gc.UseDisregardForGCOnDedicatedServers:0]]
[2021.11.29-17.03.27:097][  0]LogConfig: Setting CVar [[gc.MultithreadedDestructionEnabled:1]]
[2021.11.29-17.03.27:097][  0]LogConfig: Applying CVar settings from Section [/Script/Engine.NetworkSettings] File [C:/Users/andres.perez/Documents/GitHub/C-/Unreal/Proyectos/PruebasClase/Saved/Config/Windows/Engine.ini]
[2021.11.29-17.03.27:097][  0]LogConfig: Applying CVar settings from Section [/Script/UnrealEd.CookerSettings] File [C:/Users/andres.perez/Documents/GitHub/C-/Unreal/Proyectos/PruebasClase/Saved/Config/Windows/Engine.ini]
[2021.11.29-17.03.27:106][  0]LogConfig: Applying CVar settings from Section [ViewDistanceQuality@3] File [C:/Users/andres.perez/Documents/GitHub/C-/Unreal/Proyectos/PruebasClase/Saved/Config/Windows/Scalability.ini]
[2021.11.29-17.03.27:106][  0]LogConfig: Setting CVar [[r.SkeletalMeshLODBias:0]]
[2021.11.29-17.03.27:106][  0]LogConfig: Setting CVar [[r.ViewDistanceScale:1.0]]
[2021.11.29-17.03.27:106][  0]LogConfig: Applying CVar settings from Section [AntiAliasingQuality@3] File [C:/Users/andres.perez/Documents/GitHub/C-/Unreal/Proyectos/PruebasClase/Saved/Config/Windows/Scalability.ini]
[2021.11.29-17.03.27:106][  0]LogConfig: Setting CVar [[r.PostProcessAAQuality:4]]
[2021.11.29-17.03.27:106][  0]LogConfig: Applying CVar settings from Section [ShadowQuality@3] File [C:/Users/andres.perez/Documents/GitHub/C-/Unreal/Proyectos/PruebasClase/Saved/Config/Windows/Scalability.ini]
[2021.11.29-17.03.27:106][  0]LogConfig: Setting CVar [[r.LightFunctionQuality:1]]
[2021.11.29-17.03.27:106][  0]LogConfig: Setting CVar [[r.ShadowQuality:5]]
[2021.11.29-17.03.27:106][  0]LogConfig: Setting CVar [[r.Shadow.CSM.MaxCascades:10]]
[2021.11.29-17.03.27:106][  0]LogConfig: Setting CVar [[r.Shadow.MaxResolution:2048]]
[2021.11.29-17.03.27:106][  0]LogConfig: Setting CVar [[r.Shadow.MaxCSMResolution:2048]]
[2021.11.29-17.03.27:106][  0]LogConfig: Setting CVar [[r.Shadow.RadiusThreshold:0.01]]
[2021.11.29-17.03.27:106][  0]LogConfig: Setting CVar [[r.Shadow.DistanceScale:1.0]]
[2021.11.29-17.03.27:106][  0]LogConfig: Setting CVar [[r.Shadow.CSM.TransitionScale:1.0]]
[2021.11.29-17.03.27:106][  0]LogConfig: Setting CVar [[r.Shadow.PreShadowResolutionFactor:1.0]]
[2021.11.29-17.03.27:106][  0]LogConfig: Setting CVar [[r.DistanceFieldShadowing:1]]
[2021.11.29-17.03.27:106][  0]LogConfig: Setting CVar [[r.DistanceFieldAO:1]]
[2021.11.29-17.03.27:106][  0]LogConfig: Setting CVar [[r.AOQuality:2]]
[2021.11.29-17.03.27:106][  0]LogConfig: Setting CVar [[r.VolumetricFog:1]]
[2021.11.29-17.03.27:106][  0]LogConfig: Setting CVar [[r.VolumetricFog.GridPixelSize:8]]
[2021.11.29-17.03.27:106][  0]LogConfig: Setting CVar [[r.VolumetricFog.GridSizeZ:128]]
[2021.11.29-17.03.27:106][  0]LogConfig: Setting CVar [[r.VolumetricFog.HistoryMissSupersampleCount:4]]
[2021.11.29-17.03.27:106][  0]LogConfig: Setting CVar [[r.LightMaxDrawDistanceScale:1]]
[2021.11.29-17.03.27:106][  0]LogConfig: Setting CVar [[r.CapsuleShadows:1]]
[2021.11.29-17.03.27:106][  0]LogConfig: Applying CVar settings from Section [PostProcessQuality@3] File [C:/Users/andres.perez/Documents/GitHub/C-/Unreal/Proyectos/PruebasClase/Saved/Config/Windows/Scalability.ini]
[2021.11.29-17.03.27:106][  0]LogConfig: Setting CVar [[r.MotionBlurQuality:4]]
[2021.11.29-17.03.27:106][  0]LogConfig: Setting CVar [[r.AmbientOcclusionMipLevelFactor:0.4]]
[2021.11.29-17.03.27:107][  0]LogConfig: Setting CVar [[r.AmbientOcclusionMaxQuality:100]]
[2021.11.29-17.03.27:107][  0]LogConfig: Setting CVar [[r.AmbientOcclusionLevels:-1]]
[2021.11.29-17.03.27:107][  0]LogConfig: Setting CVar [[r.AmbientOcclusionRadiusScale:1.0]]
[2021.11.29-17.03.27:107][  0]LogConfig: Setting CVar [[r.DepthOfFieldQuality:2]]
[2021.11.29-17.03.27:107][  0]LogConfig: Setting CVar [[r.RenderTargetPoolMin:400]]
[2021.11.29-17.03.27:107][  0]LogConfig: Setting CVar [[r.LensFlareQuality:2]]
[2021.11.29-17.03.27:107][  0]LogConfig: Setting CVar [[r.SceneColorFringeQuality:1]]
[2021.11.29-17.03.27:107][  0]LogConfig: Setting CVar [[r.EyeAdaptationQuality:2]]
[2021.11.29-17.03.27:107][  0]LogConfig: Setting CVar [[r.BloomQuality:5]]
[2021.11.29-17.03.27:107][  0]LogConfig: Setting CVar [[r.FastBlurThreshold:100]]
[2021.11.29-17.03.27:107][  0]LogConfig: Setting CVar [[r.Upscale.Quality:3]]
[2021.11.29-17.03.27:107][  0]LogConfig: Setting CVar [[r.Tonemapper.GrainQuantization:1]]
[2021.11.29-17.03.27:107][  0]LogConfig: Setting CVar [[r.LightShaftQuality:1]]
[2021.11.29-17.03.27:107][  0]LogConfig: Setting CVar [[r.Filter.SizeScale:1]]
[2021.11.29-17.03.27:107][  0]LogConfig: Setting CVar [[r.Tonemapper.Quality:5]]
[2021.11.29-17.03.27:107][  0]LogConfig: Setting CVar [[r.DOF.Gather.AccumulatorQuality:1        ; higher gathering accumulator quality]]
[2021.11.29-17.03.27:107][  0]LogConfig: Setting CVar [[r.DOF.Gather.PostfilterMethod:1          ; Median3x3 postfilering method]]
[2021.11.29-17.03.27:107][  0]LogConfig: Setting CVar [[r.DOF.Gather.EnableBokehSettings:0       ; no bokeh simulation when gathering]]
[2021.11.29-17.03.27:107][  0]LogConfig: Setting CVar [[r.DOF.Gather.RingCount:4                 ; medium number of samples when gathering]]
[2021.11.29-17.03.27:107][  0]LogConfig: Setting CVar [[r.DOF.Scatter.ForegroundCompositing:1    ; additive foreground scattering]]
[2021.11.29-17.03.27:107][  0]LogConfig: Setting CVar [[r.DOF.Scatter.BackgroundCompositing:2    ; additive background scattering]]
[2021.11.29-17.03.27:107][  0]LogConfig: Setting CVar [[r.DOF.Scatter.EnableBokehSettings:1      ; bokeh simulation when scattering]]
[2021.11.29-17.03.27:107][  0]LogConfig: Setting CVar [[r.DOF.Scatter.MaxSpriteRatio:0.1         ; only a maximum of 10% of scattered bokeh]]
[2021.11.29-17.03.27:107][  0]LogConfig: Setting CVar [[r.DOF.Recombine.Quality:1                ; cheap slight out of focus]]
[2021.11.29-17.03.27:107][  0]LogConfig: Setting CVar [[r.DOF.Recombine.EnableBokehSettings:0    ; no bokeh simulation on slight out of focus]]
[2021.11.29-17.03.27:107][  0]LogConfig: Setting CVar [[r.DOF.TemporalAAQuality:1                ; more stable temporal accumulation]]
[2021.11.29-17.03.27:107][  0]LogConfig: Setting CVar [[r.DOF.Kernel.MaxForegroundRadius:0.025]]
[2021.11.29-17.03.27:107][  0]LogConfig: Setting CVar [[r.DOF.Kernel.MaxBackgroundRadius:0.025]]
[2021.11.29-17.03.27:107][  0]LogConfig: Applying CVar settings from Section [TextureQuality@3] File [C:/Users/andres.perez/Documents/GitHub/C-/Unreal/Proyectos/PruebasClase/Saved/Config/Windows/Scalability.ini]
[2021.11.29-17.03.27:107][  0]LogConfig: Setting CVar [[r.Streaming.MipBias:0]]
[2021.11.29-17.03.27:107][  0]LogConfig: Setting CVar [[r.Streaming.AmortizeCPUToGPUCopy:0]]
[2021.11.29-17.03.27:107][  0]LogConfig: Setting CVar [[r.Streaming.MaxNumTexturesToStreamPerFrame:0]]
[2021.11.29-17.03.27:107][  0]LogConfig: Setting CVar [[r.Streaming.Boost:1]]
[2021.11.29-17.03.27:107][  0]LogConfig: Setting CVar [[r.MaxAnisotropy:8]]
[2021.11.29-17.03.27:107][  0]LogConfig: Setting CVar [[r.VT.MaxAnisotropy:8]]
[2021.11.29-17.03.27:107][  0]LogConfig: Setting CVar [[r.Streaming.LimitPoolSizeToVRAM:0]]
[2021.11.29-17.03.27:107][  0]LogConfig: Setting CVar [[r.Streaming.PoolSize:1000]]
[2021.11.29-17.03.27:107][  0]LogConfig: Setting CVar [[r.Streaming.MaxEffectiveScreenSize:0]]
[2021.11.29-17.03.27:107][  0]LogConfig: Applying CVar settings from Section [EffectsQuality@3] File [C:/Users/andres.perez/Documents/GitHub/C-/Unreal/Proyectos/PruebasClase/Saved/Config/Windows/Scalability.ini]
[2021.11.29-17.03.27:107][  0]LogConfig: Setting CVar [[r.TranslucencyLightingVolumeDim:64]]
[2021.11.29-17.03.27:107][  0]LogConfig: Setting CVar [[r.RefractionQuality:2]]
[2021.11.29-17.03.27:107][  0]LogConfig: Setting CVar [[r.SSR.Quality:3]]
[2021.11.29-17.03.27:107][  0]LogConfig: Setting CVar [[r.SSR.HalfResSceneColor:0]]
[2021.11.29-17.03.27:107][  0]LogConfig: Setting CVar [[r.SceneColorFormat:4]]
[2021.11.29-17.03.27:107][  0]LogConfig: Setting CVar [[r.DetailMode:2]]
[2021.11.29-17.03.27:107][  0]LogConfig: Setting CVar [[r.TranslucencyVolumeBlur:1]]
[2021.11.29-17.03.27:107][  0]LogConfig: Setting CVar [[r.MaterialQualityLevel:1 ; High quality]]
[2021.11.29-17.03.27:107][  0]LogConfig: Setting CVar [[r.AnisotropicMaterials:1]]
[2021.11.29-17.03.27:107][  0]LogConfig: Setting CVar [[r.SSS.Scale:1]]
[2021.11.29-17.03.27:107][  0]LogConfig: Setting CVar [[r.SSS.SampleSet:2]]
[2021.11.29-17.03.27:107][  0]LogConfig: Setting CVar [[r.SSS.Quality:1]]
[2021.11.29-17.03.27:107][  0]LogConfig: Setting CVar [[r.SSS.HalfRes:0]]
[2021.11.29-17.03.27:107][  0]LogConfig: Setting CVar [[r.SSGI.Quality:3]]
[2021.11.29-17.03.27:107][  0]LogConfig: Setting CVar [[r.EmitterSpawnRateScale:1.0]]
[2021.11.29-17.03.27:107][  0]LogConfig: Setting CVar [[r.ParticleLightQuality:2]]
[2021.11.29-17.03.27:107][  0]LogConfig: Setting CVar [[r.SkyAtmosphere.AerialPerspectiveLUT.FastApplyOnOpaque:1 ; Always have FastSkyLUT 1 in this case to avoid wrong sky]]
[2021.11.29-17.03.27:107][  0]LogConfig: Setting CVar [[r.SkyAtmosphere.AerialPerspectiveLUT.SampleCountMaxPerSlice:4]]
[2021.11.29-17.03.27:107][  0]LogConfig: Setting CVar [[r.SkyAtmosphere.AerialPerspectiveLUT.DepthResolution:16.0]]
[2021.11.29-17.03.27:107][  0]LogConfig: Setting CVar [[r.SkyAtmosphere.FastSkyLUT:1]]
[2021.11.29-17.03.27:107][  0]LogConfig: Setting CVar [[r.SkyAtmosphere.FastSkyLUT.SampleCountMin:4.0]]
[2021.11.29-17.03.27:107][  0]LogConfig: Setting CVar [[r.SkyAtmosphere.FastSkyLUT.SampleCountMax:128.0]]
[2021.11.29-17.03.27:107][  0]LogConfig: Setting CVar [[r.SkyAtmosphere.SampleCountMin:4.0]]
[2021.11.29-17.03.27:107][  0]LogConfig: Setting CVar [[r.SkyAtmosphere.SampleCountMax:128.0]]
[2021.11.29-17.03.27:107][  0]LogConfig: Setting CVar [[r.SkyAtmosphere.TransmittanceLUT.UseSmallFormat:0]]
[2021.11.29-17.03.27:107][  0]LogConfig: Setting CVar [[r.SkyAtmosphere.TransmittanceLUT.SampleCount:10.0]]
[2021.11.29-17.03.27:107][  0]LogConfig: Setting CVar [[r.SkyAtmosphere.MultiScatteringLUT.SampleCount:15.0]]
[2021.11.29-17.03.27:107][  0]LogConfig: Setting CVar [[r.SkyLight.RealTimeReflectionCapture:1]]
[2021.11.29-17.03.27:107][  0]LogConfig: Applying CVar settings from Section [FoliageQuality@3] File [C:/Users/andres.perez/Documents/GitHub/C-/Unreal/Proyectos/PruebasClase/Saved/Config/Windows/Scalability.ini]
[2021.11.29-17.03.27:108][  0]LogConfig: Setting CVar [[foliage.DensityScale:1.0]]
[2021.11.29-17.03.27:108][  0]LogConfig: Setting CVar [[grass.DensityScale:1.0]]
[2021.11.29-17.03.27:108][  0]LogConfig: Applying CVar settings from Section [ShadingQuality@3] File [C:/Users/andres.perez/Documents/GitHub/C-/Unreal/Proyectos/PruebasClase/Saved/Config/Windows/Scalability.ini]
[2021.11.29-17.03.27:108][  0]LogConfig: Setting CVar [[r.HairStrands.SkyLighting.IntegrationType:2]]
[2021.11.29-17.03.27:108][  0]LogConfig: Setting CVar [[r.HairStrands.SkyAO.SampleCount:4]]
[2021.11.29-17.03.27:108][  0]LogConfig: Setting CVar [[r.HairStrands.Visibility.MSAA.SamplePerPixel:4]]
[2021.11.29-17.03.27:109][  0]LogInit: Selected Device Profile: [Windows]
[2021.11.29-17.03.27:110][  0]LogInit: Applying CVar settings loaded from the selected device profile: [Windows]
[2021.11.29-17.03.27:110][  0]LogHAL: Display: Platform has ~ 32 GB [34055684096 / 34359738368 / 32], which maps to Largest [LargestMinGB=32, LargerMinGB=12, DefaultMinGB=8, SmallerMinGB=6, SmallestMinGB=0)
[2021.11.29-17.03.27:110][  0]LogInit: Going up to parent DeviceProfile []
[2021.11.29-17.03.27:111][  0]LogConfig: Applying CVar settings from Section [ViewDistanceQuality@3] File [C:/Users/andres.perez/Documents/GitHub/C-/Unreal/Proyectos/PruebasClase/Saved/Config/Windows/Scalability.ini]
[2021.11.29-17.03.27:111][  0]LogConfig: Setting CVar [[r.SkeletalMeshLODBias:0]]
[2021.11.29-17.03.27:111][  0]LogConfig: Setting CVar [[r.ViewDistanceScale:1.0]]
[2021.11.29-17.03.27:111][  0]LogConfig: Applying CVar settings from Section [AntiAliasingQuality@3] File [C:/Users/andres.perez/Documents/GitHub/C-/Unreal/Proyectos/PruebasClase/Saved/Config/Windows/Scalability.ini]
[2021.11.29-17.03.27:111][  0]LogConfig: Setting CVar [[r.PostProcessAAQuality:4]]
[2021.11.29-17.03.27:111][  0]LogConfig: Applying CVar settings from Section [ShadowQuality@3] File [C:/Users/andres.perez/Documents/GitHub/C-/Unreal/Proyectos/PruebasClase/Saved/Config/Windows/Scalability.ini]
[2021.11.29-17.03.27:111][  0]LogConfig: Setting CVar [[r.LightFunctionQuality:1]]
[2021.11.29-17.03.27:111][  0]LogConfig: Setting CVar [[r.ShadowQuality:5]]
[2021.11.29-17.03.27:111][  0]LogConfig: Setting CVar [[r.Shadow.CSM.MaxCascades:10]]
[2021.11.29-17.03.27:111][  0]LogConfig: Setting CVar [[r.Shadow.MaxResolution:2048]]
[2021.11.29-17.03.27:111][  0]LogConfig: Setting CVar [[r.Shadow.MaxCSMResolution:2048]]
[2021.11.29-17.03.27:111][  0]LogConfig: Setting CVar [[r.Shadow.RadiusThreshold:0.01]]
[2021.11.29-17.03.27:111][  0]LogConfig: Setting CVar [[r.Shadow.DistanceScale:1.0]]
[2021.11.29-17.03.27:111][  0]LogConfig: Setting CVar [[r.Shadow.CSM.TransitionScale:1.0]]
[2021.11.29-17.03.27:111][  0]LogConfig: Setting CVar [[r.Shadow.PreShadowResolutionFactor:1.0]]
[2021.11.29-17.03.27:111][  0]LogConfig: Setting CVar [[r.DistanceFieldShadowing:1]]
[2021.11.29-17.03.27:111][  0]LogConfig: Setting CVar [[r.DistanceFieldAO:1]]
[2021.11.29-17.03.27:111][  0]LogConfig: Setting CVar [[r.AOQuality:2]]
[2021.11.29-17.03.27:111][  0]LogConfig: Setting CVar [[r.VolumetricFog:1]]
[2021.11.29-17.03.27:111][  0]LogConfig: Setting CVar [[r.VolumetricFog.GridPixelSize:8]]
[2021.11.29-17.03.27:111][  0]LogConfig: Setting CVar [[r.VolumetricFog.GridSizeZ:128]]
[2021.11.29-17.03.27:111][  0]LogConfig: Setting CVar [[r.VolumetricFog.HistoryMissSupersampleCount:4]]
[2021.11.29-17.03.27:111][  0]LogConfig: Setting CVar [[r.LightMaxDrawDistanceScale:1]]
[2021.11.29-17.03.27:111][  0]LogConfig: Setting CVar [[r.CapsuleShadows:1]]
[2021.11.29-17.03.27:111][  0]LogConfig: Applying CVar settings from Section [PostProcessQuality@3] File [C:/Users/andres.perez/Documents/GitHub/C-/Unreal/Proyectos/PruebasClase/Saved/Config/Windows/Scalability.ini]
[2021.11.29-17.03.27:111][  0]LogConfig: Setting CVar [[r.MotionBlurQuality:4]]
[2021.11.29-17.03.27:111][  0]LogConfig: Setting CVar [[r.AmbientOcclusionMipLevelFactor:0.4]]
[2021.11.29-17.03.27:111][  0]LogConfig: Setting CVar [[r.AmbientOcclusionMaxQuality:100]]
[2021.11.29-17.03.27:112][  0]LogConfig: Setting CVar [[r.AmbientOcclusionLevels:-1]]
[2021.11.29-17.03.27:112][  0]LogConfig: Setting CVar [[r.AmbientOcclusionRadiusScale:1.0]]
[2021.11.29-17.03.27:112][  0]LogConfig: Setting CVar [[r.DepthOfFieldQuality:2]]
[2021.11.29-17.03.27:112][  0]LogConfig: Setting CVar [[r.RenderTargetPoolMin:400]]
[2021.11.29-17.03.27:112][  0]LogConfig: Setting CVar [[r.LensFlareQuality:2]]
[2021.11.29-17.03.27:112][  0]LogConfig: Setting CVar [[r.SceneColorFringeQuality:1]]
[2021.11.29-17.03.27:112][  0]LogConfig: Setting CVar [[r.EyeAdaptationQuality:2]]
[2021.11.29-17.03.27:112][  0]LogConfig: Setting CVar [[r.BloomQuality:5]]
[2021.11.29-17.03.27:112][  0]LogConfig: Setting CVar [[r.FastBlurThreshold:100]]
[2021.11.29-17.03.27:112][  0]LogConfig: Setting CVar [[r.Upscale.Quality:3]]
[2021.11.29-17.03.27:112][  0]LogConfig: Setting CVar [[r.Tonemapper.GrainQuantization:1]]
[2021.11.29-17.03.27:112][  0]LogConfig: Setting CVar [[r.LightShaftQuality:1]]
[2021.11.29-17.03.27:112][  0]LogConfig: Setting CVar [[r.Filter.SizeScale:1]]
[2021.11.29-17.03.27:112][  0]LogConfig: Setting CVar [[r.Tonemapper.Quality:5]]
[2021.11.29-17.03.27:112][  0]LogConfig: Setting CVar [[r.DOF.Gather.AccumulatorQuality:1        ; higher gathering accumulator quality]]
[2021.11.29-17.03.27:112][  0]LogConfig: Setting CVar [[r.DOF.Gather.PostfilterMethod:1          ; Median3x3 postfilering method]]
[2021.11.29-17.03.27:112][  0]LogConfig: Setting CVar [[r.DOF.Gather.EnableBokehSettings:0       ; no bokeh simulation when gathering]]
[2021.11.29-17.03.27:112][  0]LogConfig: Setting CVar [[r.DOF.Gather.RingCount:4                 ; medium number of samples when gathering]]
[2021.11.29-17.03.27:112][  0]LogConfig: Setting CVar [[r.DOF.Scatter.ForegroundCompositing:1    ; additive foreground scattering]]
[2021.11.29-17.03.27:112][  0]LogConfig: Setting CVar [[r.DOF.Scatter.BackgroundCompositing:2    ; additive background scattering]]
[2021.11.29-17.03.27:112][  0]LogConfig: Setting CVar [[r.DOF.Scatter.EnableBokehSettings:1      ; bokeh simulation when scattering]]
[2021.11.29-17.03.27:112][  0]LogConfig: Setting CVar [[r.DOF.Scatter.MaxSpriteRatio:0.1         ; only a maximum of 10% of scattered bokeh]]
[2021.11.29-17.03.27:112][  0]LogConfig: Setting CVar [[r.DOF.Recombine.Quality:1                ; cheap slight out of focus]]
[2021.11.29-17.03.27:112][  0]LogConfig: Setting CVar [[r.DOF.Recombine.EnableBokehSettings:0    ; no bokeh simulation on slight out of focus]]
[2021.11.29-17.03.27:112][  0]LogConfig: Setting CVar [[r.DOF.TemporalAAQuality:1                ; more stable temporal accumulation]]
[2021.11.29-17.03.27:112][  0]LogConfig: Setting CVar [[r.DOF.Kernel.MaxForegroundRadius:0.025]]
[2021.11.29-17.03.27:112][  0]LogConfig: Setting CVar [[r.DOF.Kernel.MaxBackgroundRadius:0.025]]
[2021.11.29-17.03.27:112][  0]LogConfig: Applying CVar settings from Section [TextureQuality@3] File [C:/Users/andres.perez/Documents/GitHub/C-/Unreal/Proyectos/PruebasClase/Saved/Config/Windows/Scalability.ini]
[2021.11.29-17.03.27:112][  0]LogConfig: Setting CVar [[r.Streaming.MipBias:0]]
[2021.11.29-17.03.27:112][  0]LogConfig: Setting CVar [[r.Streaming.AmortizeCPUToGPUCopy:0]]
[2021.11.29-17.03.27:112][  0]LogConfig: Setting CVar [[r.Streaming.MaxNumTexturesToStreamPerFrame:0]]
[2021.11.29-17.03.27:112][  0]LogConfig: Setting CVar [[r.Streaming.Boost:1]]
[2021.11.29-17.03.27:112][  0]LogConfig: Setting CVar [[r.MaxAnisotropy:8]]
[2021.11.29-17.03.27:112][  0]LogConfig: Setting CVar [[r.VT.MaxAnisotropy:8]]
[2021.11.29-17.03.27:112][  0]LogConfig: Setting CVar [[r.Streaming.LimitPoolSizeToVRAM:0]]
[2021.11.29-17.03.27:112][  0]LogConfig: Setting CVar [[r.Streaming.PoolSize:1000]]
[2021.11.29-17.03.27:112][  0]LogConfig: Setting CVar [[r.Streaming.MaxEffectiveScreenSize:0]]
[2021.11.29-17.03.27:112][  0]LogConfig: Applying CVar settings from Section [EffectsQuality@3] File [C:/Users/andres.perez/Documents/GitHub/C-/Unreal/Proyectos/PruebasClase/Saved/Config/Windows/Scalability.ini]
[2021.11.29-17.03.27:112][  0]LogConfig: Setting CVar [[r.TranslucencyLightingVolumeDim:64]]
[2021.11.29-17.03.27:112][  0]LogConfig: Setting CVar [[r.RefractionQuality:2]]
[2021.11.29-17.03.27:112][  0]LogConfig: Setting CVar [[r.SSR.Quality:3]]
[2021.11.29-17.03.27:112][  0]LogConfig: Setting CVar [[r.SSR.HalfResSceneColor:0]]
[2021.11.29-17.03.27:112][  0]LogConfig: Setting CVar [[r.SceneColorFormat:4]]
[2021.11.29-17.03.27:112][  0]LogConfig: Setting CVar [[r.DetailMode:2]]
[2021.11.29-17.03.27:112][  0]LogConfig: Setting CVar [[r.TranslucencyVolumeBlur:1]]
[2021.11.29-17.03.27:112][  0]LogConfig: Setting CVar [[r.MaterialQualityLevel:1 ; High quality]]
[2021.11.29-17.03.27:112][  0]LogConfig: Setting CVar [[r.AnisotropicMaterials:1]]
[2021.11.29-17.03.27:113][  0]LogConfig: Setting CVar [[r.SSS.Scale:1]]
[2021.11.29-17.03.27:113][  0]LogConfig: Setting CVar [[r.SSS.SampleSet:2]]
[2021.11.29-17.03.27:113][  0]LogConfig: Setting CVar [[r.SSS.Quality:1]]
[2021.11.29-17.03.27:113][  0]LogConfig: Setting CVar [[r.SSS.HalfRes:0]]
[2021.11.29-17.03.27:113][  0]LogConfig: Setting CVar [[r.SSGI.Quality:3]]
[2021.11.29-17.03.27:113][  0]LogConfig: Setting CVar [[r.EmitterSpawnRateScale:1.0]]
[2021.11.29-17.03.27:113][  0]LogConfig: Setting CVar [[r.ParticleLightQuality:2]]
[2021.11.29-17.03.27:113][  0]LogConfig: Setting CVar [[r.SkyAtmosphere.AerialPerspectiveLUT.FastApplyOnOpaque:1 ; Always have FastSkyLUT 1 in this case to avoid wrong sky]]
[2021.11.29-17.03.27:113][  0]LogConfig: Setting CVar [[r.SkyAtmosphere.AerialPerspectiveLUT.SampleCountMaxPerSlice:4]]
[2021.11.29-17.03.27:113][  0]LogConfig: Setting CVar [[r.SkyAtmosphere.AerialPerspectiveLUT.DepthResolution:16.0]]
[2021.11.29-17.03.27:113][  0]LogConfig: Setting CVar [[r.SkyAtmosphere.FastSkyLUT:1]]
[2021.11.29-17.03.27:113][  0]LogConfig: Setting CVar [[r.SkyAtmosphere.FastSkyLUT.SampleCountMin:4.0]]
[2021.11.29-17.03.27:113][  0]LogConfig: Setting CVar [[r.SkyAtmosphere.FastSkyLUT.SampleCountMax:128.0]]
[2021.11.29-17.03.27:113][  0]LogConfig: Setting CVar [[r.SkyAtmosphere.SampleCountMin:4.0]]
[2021.11.29-17.03.27:113][  0]LogConfig: Setting CVar [[r.SkyAtmosphere.SampleCountMax:128.0]]
[2021.11.29-17.03.27:113][  0]LogConfig: Setting CVar [[r.SkyAtmosphere.TransmittanceLUT.UseSmallFormat:0]]
[2021.11.29-17.03.27:113][  0]LogConfig: Setting CVar [[r.SkyAtmosphere.TransmittanceLUT.SampleCount:10.0]]
[2021.11.29-17.03.27:113][  0]LogConfig: Setting CVar [[r.SkyAtmosphere.MultiScatteringLUT.SampleCount:15.0]]
[2021.11.29-17.03.27:113][  0]LogConfig: Setting CVar [[r.SkyLight.RealTimeReflectionCapture:1]]
[2021.11.29-17.03.27:113][  0]LogConfig: Applying CVar settings from Section [FoliageQuality@3] File [C:/Users/andres.perez/Documents/GitHub/C-/Unreal/Proyectos/PruebasClase/Saved/Config/Windows/Scalability.ini]
[2021.11.29-17.03.27:113][  0]LogConfig: Setting CVar [[foliage.DensityScale:1.0]]
[2021.11.29-17.03.27:113][  0]LogConfig: Setting CVar [[grass.DensityScale:1.0]]
[2021.11.29-17.03.27:113][  0]LogConfig: Applying CVar settings from Section [ShadingQuality@3] File [C:/Users/andres.perez/Documents/GitHub/C-/Unreal/Proyectos/PruebasClase/Saved/Config/Windows/Scalability.ini]
[2021.11.29-17.03.27:113][  0]LogConfig: Setting CVar [[r.HairStrands.SkyLighting.IntegrationType:2]]
[2021.11.29-17.03.27:113][  0]LogConfig: Setting CVar [[r.HairStrands.SkyAO.SampleCount:4]]
[2021.11.29-17.03.27:113][  0]LogConfig: Setting CVar [[r.HairStrands.Visibility.MSAA.SamplePerPixel:4]]
[2021.11.29-17.03.27:113][  0]LogConfig: Applying CVar settings from Section [Startup] File [../../../Engine/Config/ConsoleVariables.ini]
[2021.11.29-17.03.27:115][  0]LogConfig: Setting CVar [[net.UseAdaptiveNetUpdateFrequency:0]]
[2021.11.29-17.03.27:115][  0]LogConfig: Setting CVar [[p.chaos.AllowCreatePhysxBodies:1]]
[2021.11.29-17.03.27:115][  0]LogConfig: Setting CVar [[fx.SkipVectorVMBackendOptimizations:1]]
[2021.11.29-17.03.27:115][  0]LogConfig: Applying CVar settings from Section [ConsoleVariables] File [C:/Users/andres.perez/Documents/GitHub/C-/Unreal/Proyectos/PruebasClase/Saved/Config/Windows/Engine.ini]
[2021.11.29-17.03.27:115][  0]LogConfig: Applying CVar settings from Section [ConsoleVariables] File [C:/Users/andres.perez/Documents/GitHub/C-/Unreal/Proyectos/PruebasClase/Saved/Config/Windows/Editor.ini]
[2021.11.29-17.03.27:116][  0]LogInit: Computer: UTWKS0891
[2021.11.29-17.03.27:116][  0]LogInit: User: andresperez
[2021.11.29-17.03.27:116][  0]LogInit: CPU Page size=4096, Cores=18
[2021.11.29-17.03.27:116][  0]LogInit: High frequency timer resolution =10.000000 MHz
[2021.11.29-17.03.27:116][  0]LogMemory: Memory total: Physical=31.7GB (32GB approx)
[2021.11.29-17.03.27:116][  0]LogMemory: Platform Memory Stats for Windows
[2021.11.29-17.03.27:116][  0]LogMemory: Process Physical Memory: 154.66 MB used, 154.66 MB peak
[2021.11.29-17.03.27:116][  0]LogMemory: Process Virtual Memory: 144.22 MB used, 144.22 MB peak
[2021.11.29-17.03.27:116][  0]LogMemory: Physical Memory: 7989.30 MB used,  24488.73 MB free, 32478.03 MB total
[2021.11.29-17.03.27:116][  0]LogMemory: Virtual Memory: 134191000.00 MB used,  26730.27 MB free, 134217728.00 MB total
[2021.11.29-17.03.27:124][  0]LogWindows: WindowsPlatformFeatures enabled
[2021.11.29-17.03.27:253][  0]LogInit: Physics initialised using underlying interface: PhysX
[2021.11.29-17.03.27:257][  0]LogInit: Using OS detected language (en-US).
[2021.11.29-17.03.27:257][  0]LogInit: Using OS detected locale (es-ES).
[2021.11.29-17.03.27:266][  0]LogTextLocalizationManager: No specific localization for 'en-US' exists, so the 'en' localization will be used.
[2021.11.29-17.03.27:557][  0]LogInit: Setting process to per monitor DPI aware
[2021.11.29-17.03.27:576][  0]LogWindowsTextInputMethodSystem: Display: IME system deactivated.
[2021.11.29-17.03.27:607][  0]LogSlate: New Slate User Created.  User Index 0, Is Virtual User: 0
[2021.11.29-17.03.27:607][  0]LogSlate: Slate User Registered.  User Index 0, Is Virtual User: 0
[2021.11.29-17.03.27:794][  0]LogD3D11RHI: Loaded GFSDK_Aftermath_Lib.x64.dll
[2021.11.29-17.03.27:798][  0]LogHMD: Failed to initialize OpenVR with code 110
[2021.11.29-17.03.27:798][  0]LogD3D11RHI: D3D11 min allowed feature level: 11_0
[2021.11.29-17.03.27:798][  0]LogD3D11RHI: D3D11 max allowed feature level: 11_0
[2021.11.29-17.03.27:798][  0]LogD3D11RHI: D3D11 adapters:
[2021.11.29-17.03.27:948][  0]LogD3D11RHI:    0. 'NVIDIA GeForce RTX 3080' (Feature Level 11_0)
[2021.11.29-17.03.27:949][  0]LogD3D11RHI:       10078/0/16239 MB DedicatedVideo/DedicatedSystem/SharedSystem, Outputs:1, VendorId:0x10de
[2021.11.29-17.03.27:951][  0]LogD3D11RHI:    1. 'Microsoft Basic Render Driver' (Feature Level 11_0)
[2021.11.29-17.03.27:951][  0]LogD3D11RHI:       0/0/16239 MB DedicatedVideo/DedicatedSystem/SharedSystem, Outputs:0, VendorId:0x1414
[2021.11.29-17.03.27:951][  0]LogD3D11RHI: Chosen D3D11 Adapter: 0
[2021.11.29-17.03.27:965][  0]LogD3D11RHI: Creating new Direct3DDevice
[2021.11.29-17.03.27:965][  0]LogD3D11RHI:     GPU DeviceId: 0x2206 (for the marketing name, search the web for "GPU Device Id")
[2021.11.29-17.03.27:965][  0]LogWindows: EnumDisplayDevices:
[2021.11.29-17.03.27:965][  0]LogWindows:    0. 'NVIDIA GeForce RTX 3080' (P:1 D:1)
[2021.11.29-17.03.27:965][  0]LogWindows:    1. 'NVIDIA GeForce RTX 3080' (P:0 D:0)
[2021.11.29-17.03.27:966][  0]LogWindows:    2. 'NVIDIA GeForce RTX 3080' (P:0 D:0)
[2021.11.29-17.03.27:966][  0]LogWindows:    3. 'NVIDIA GeForce RTX 3080' (P:0 D:0)
[2021.11.29-17.03.27:966][  0]LogWindows: DebugString: FoundDriverCount:4 
[2021.11.29-17.03.27:966][  0]LogD3D11RHI:     Adapter Name: NVIDIA GeForce RTX 3080
[2021.11.29-17.03.27:966][  0]LogD3D11RHI:   Driver Version: 462.31 (internal:27.21.14.6231, unified:462.31)
[2021.11.29-17.03.27:966][  0]LogD3D11RHI:      Driver Date: 4-8-2021
[2021.11.29-17.03.27:967][  0]LogRHI: Texture pool is 7054 MB (70% of 10078 MB)
[2021.11.29-17.03.28:085][  0]LogD3D11RHI: RHI has support for 64 bit atomics
[2021.11.29-17.03.28:086][  0]LogD3D11RHI: Async texture creation enabled
[2021.11.29-17.03.28:086][  0]LogD3D11RHI: Array index from any shader is supported
[2021.11.29-17.03.28:131][  0]LogD3D11RHI: GPU Timing Frequency: 1000.000000 (Debug: 2 1)
[2021.11.29-17.03.28:194][  0]LogRHI: GeForceNow SDK initialized: 1
[2021.11.29-17.03.28:627][  0]LogTargetPlatformManager: Display: Loaded TargetPlatform 'AllDesktop'
[2021.11.29-17.03.28:681][  0]LogTargetPlatformManager: Display: Loaded TargetPlatform 'Android'
[2021.11.29-17.03.28:681][  0]LogTargetPlatformManager: Display: Loaded TargetPlatform 'Android_ASTC'
[2021.11.29-17.03.28:681][  0]LogTargetPlatformManager: Display: Loaded TargetPlatform 'Android_DXT'
[2021.11.29-17.03.28:681][  0]LogTargetPlatformManager: Display: Loaded TargetPlatform 'Android_ETC2'
[2021.11.29-17.03.28:681][  0]LogTargetPlatformManager: Display: Loaded TargetPlatform 'AndroidClient'
[2021.11.29-17.03.28:681][  0]LogTargetPlatformManager: Display: Loaded TargetPlatform 'Android_ASTCClient'
[2021.11.29-17.03.28:681][  0]LogTargetPlatformManager: Display: Loaded TargetPlatform 'Android_DXTClient'
[2021.11.29-17.03.28:681][  0]LogTargetPlatformManager: Display: Loaded TargetPlatform 'Android_ETC2Client'
[2021.11.29-17.03.28:681][  0]LogTargetPlatformManager: Display: Loaded TargetPlatform 'Android_Multi'
[2021.11.29-17.03.28:681][  0]LogTargetPlatformManager: Display: Loaded TargetPlatform 'Android_MultiClient'
[2021.11.29-17.03.28:726][  0]LogTargetPlatformManager: Display: Loaded TargetPlatform 'IOSClient'
[2021.11.29-17.03.28:726][  0]LogTargetPlatformManager: Display: Loaded TargetPlatform 'IOS'
[2021.11.29-17.03.28:749][  0]LogTargetPlatformManager: Display: Loaded TargetPlatform 'Linux'
[2021.11.29-17.03.28:754][  0]LogTargetPlatformManager: Display: Loaded TargetPlatform 'LinuxNoEditor'
[2021.11.29-17.03.28:762][  0]LogTargetPlatformManager: Display: Loaded TargetPlatform 'LinuxClient'
[2021.11.29-17.03.28:769][  0]LogTargetPlatformManager: Display: Loaded TargetPlatform 'LinuxServer'
[2021.11.29-17.03.28:785][  0]LogTargetPlatformManager: Display: Loaded TargetPlatform 'LinuxAArch64NoEditor'
[2021.11.29-17.03.28:792][  0]LogTargetPlatformManager: Display: Loaded TargetPlatform 'LinuxAArch64Client'
[2021.11.29-17.03.28:799][  0]LogTargetPlatformManager: Display: Loaded TargetPlatform 'LinuxAArch64Server'
[2021.11.29-17.03.28:829][  0]LogTargetPlatformManager: Display: Loaded TargetPlatform 'Lumin'
[2021.11.29-17.03.28:829][  0]LogTargetPlatformManager: Display: Loaded TargetPlatform 'LuminClient'
[2021.11.29-17.03.28:843][  0]LogTargetPlatformManager: Display: Loaded TargetPlatform 'MacNoEditor'
[2021.11.29-17.03.28:851][  0]LogTargetPlatformManager: Display: Loaded TargetPlatform 'Mac'
[2021.11.29-17.03.28:860][  0]LogTargetPlatformManager: Display: Loaded TargetPlatform 'MacClient'
[2021.11.29-17.03.28:870][  0]LogTargetPlatformManager: Display: Loaded TargetPlatform 'MacServer'
[2021.11.29-17.03.28:884][  0]LogTargetPlatformManager: Display: Loaded TargetPlatform 'TVOSClient'
[2021.11.29-17.03.28:884][  0]LogTargetPlatformManager: Display: Loaded TargetPlatform 'TVOS'
[2021.11.29-17.03.28:902][  0]LogTargetPlatformManager: Display: Loaded TargetPlatform 'WindowsNoEditor'
[2021.11.29-17.03.28:906][  0]LogTargetPlatformManager: Display: Loaded TargetPlatform 'Windows'
[2021.11.29-17.03.28:914][  0]LogTargetPlatformManager: Display: Loaded TargetPlatform 'WindowsClient'
[2021.11.29-17.03.28:921][  0]LogTargetPlatformManager: Display: Loaded TargetPlatform 'WindowsServer'
[2021.11.29-17.03.28:921][  0]LogTargetPlatformManager: Display: Building Assets For Windows
[2021.11.29-17.03.28:941][  0]LogAudioDebug: Display: Lib vorbis DLL was dynamically loaded.
[2021.11.29-17.03.28:992][  0]LogTextureFormatOodle: Display: Oodle Texture 2.9.0 init RDO Off
[2021.11.29-17.03.29:143][  0]LogRendererCore: Ray tracing is disabled. Reason: r.RayTracing=0.
[2021.11.29-17.03.29:146][  0]LogShaderCompilers: Guid format shader working directory is -34 characters bigger than the processId version (../../../../../../Users/andres.perez/Documents/GitHub/C-/Unreal/Proyectos/PruebasClase/Intermediate/Shaders/WorkingDirectory/13444/).
[2021.11.29-17.03.29:146][  0]LogShaderCompilers: Cleaned the shader compiler working directory 'C:/Users/andres.perez/AppData/Local/Temp/UnrealShaderWorkingDir/855963BE40796E07678FD7AE903D3423/'.
[2021.11.29-17.03.29:148][  0]LogXGEController: Cannot use XGE Controller as Incredibuild is not installed on this machine.
[2021.11.29-17.03.29:148][  0]LogShaderCompilers: Cannot use XGE Shader Compiler as Incredibuild is not installed on this machine.
[2021.11.29-17.03.29:148][  0]LogShaderCompilers: Display: Using Local Shader Compiler.
[2021.11.29-17.03.30:063][  0]LogDerivedDataCache: Display: Max Cache Size: 512 MB
[2021.11.29-17.03.30:170][  0]LogDerivedDataCache: Loaded boot cache 0.11s 95MB C:/Users/andres.perez/AppData/Local/UnrealEngine/4.27/DerivedDataCache/Boot.ddc.
[2021.11.29-17.03.30:170][  0]LogDerivedDataCache: Display: Loaded Boot cache: C:/Users/andres.perez/AppData/Local/UnrealEngine/4.27/DerivedDataCache/Boot.ddc
[2021.11.29-17.03.30:170][  0]LogDerivedDataCache: FDerivedDataBackendGraph:  Pak pak cache file ../../../../../../Users/andres.perez/Documents/GitHub/C-/Unreal/Proyectos/PruebasClase/DerivedDataCache/DDC.ddp not found, will not use a pak cache.
[2021.11.29-17.03.30:170][  0]LogDerivedDataCache: Unable to find inner node Pak for hierarchical cache Hierarchy.
[2021.11.29-17.03.30:170][  0]LogDerivedDataCache: FDerivedDataBackendGraph:  CompressedPak pak cache file ../../../../../../Users/andres.perez/Documents/GitHub/C-/Unreal/Proyectos/PruebasClase/DerivedDataCache/Compressed.ddp not found, will not use a pak cache.
[2021.11.29-17.03.30:170][  0]LogDerivedDataCache: Unable to find inner node CompressedPak for hierarchical cache Hierarchy.
[2021.11.29-17.03.30:190][  0]LogDerivedDataCache: Display: Pak cache opened for reading ../../../Engine/DerivedDataCache/Compressed.ddp.
[2021.11.29-17.03.30:191][  0]LogDerivedDataCache: FDerivedDataBackendGraph:  EnterprisePak pak cache file ../../../Enterprise/DerivedDataCache/Compressed.ddp not found, will not use a pak cache.
[2021.11.29-17.03.30:191][  0]LogDerivedDataCache: Unable to find inner node EnterprisePak for hierarchical cache Hierarchy.
[2021.11.29-17.03.30:212][  0]LogDerivedDataCache: Speed tests for C:/Users/andres.perez/AppData/Local/UnrealEngine/Common/DerivedDataCache took 0.02 seconds
[2021.11.29-17.03.30:212][  0]LogDerivedDataCache: Display: Performance to C:/Users/andres.perez/AppData/Local/UnrealEngine/Common/DerivedDataCache: Latency=0.03ms. RandomReadSpeed=77.55MBs, RandomWriteSpeed=98.01MBs. Assigned SpeedClass 'Local'
[2021.11.29-17.03.30:213][  0]LogDerivedDataCache: Using Local data cache path C:/Users/andres.perez/AppData/Local/UnrealEngine/Common/DerivedDataCache: Writable
[2021.11.29-17.03.30:214][  0]LogDerivedDataCache: Shared data cache path not found in *engine.ini, will not use an Shared cache.
[2021.11.29-17.03.30:214][  0]LogDerivedDataCache: Unable to find inner node Shared for hierarchical cache Hierarchy.
[2021.11.29-17.03.30:266][  0]LogSlate: Using FreeType 2.10.0
[2021.11.29-17.03.30:268][  0]LogSlate: SlateFontServices - WITH_FREETYPE: 1, WITH_HARFBUZZ: 1
[2021.11.29-17.03.30:327][  0]LogAssetRegistry: FAssetRegistry took 0.0093 seconds to start up
[2021.11.29-17.03.30:685][  0]LogInit: Selected Device Profile: [Windows]
[2021.11.29-17.03.30:686][  0]LogInit: Active device profile: [000002E2493A7400][000002E249CEA400 49] Windows
[2021.11.29-17.03.30:686][  0]LogInit: Profiles: [000002E2493A7400][000002E249CEA400 49] Windows, [000002E249360E00][000002E23C0E06C0 49] WindowsNoEditor, [000002E2493A4E00][000002E249CEE940 49] WindowsServer, [000002E249362C00][000002E23C13CBC0 49] WindowsClient, [000002E2493A6B00][000002E23C144E80 49] IOS, [000002E249361700][000002E23C149140 49] iPadAir, [000002E2493A5600][000002E23C14D400 49] iPadAir2, [000002E249067B00][000002E249E15940 49] IPadPro, [000002E249067C00][000002E23C151980 49] iPadAir3, [000002E2493A6500][000002E249E0C0C0 49] iPadAir4, [000002E249065300][000002E249E08380 49] iPadMini2, [000002E2493A5B00][000002E249E10640 49] iPadMini3, [000002E249066600][000002E243B8C900 49] iPadMini4, [000002E2493A4800][000002E23C140B80 49] iPadMini5, [000002E249123400][000002E24A27B080 49] iPhone6, [000002E249123500][000002E243B990C0 49] iPodTouch6, [000002E249064300][000002E249D41600 49] iPhone7, [000002E249064200][000002E249E6D640 49] iPodTouch7, [000002E249121200][000002E24A26D900 49] iPhone5S, [000002E249064E00][000002E249E69BC0 49] iPhone6Plus, [000002E249122700][000002E249D3C300 49] iPhone6S, [000002E249065000][000002E243B945C0 49] iPhone6SPlus, [000002E249121A00][000002E249DE2880 49] iPhone7Plus, [000002E249066000][000002E249DE6B40 49] iPhoneSE, [000002E249123700][000002E249E64DC0 49] iPhone8, [000002E249066B00][000002E23ECEF040 49] iPhone8Plus, [000002E249122D00][000002E247903300 49] iPhoneX, [000002E249067F00][000002E23E66F5C0 49] iPhoneXS, [000002E249120100][000002E23E677880 49] iPhoneXSMax, [000002E249067E00][000002E23E685B40 49] iPhoneXR, [000002E249120C00][000002E23E688280 49] iPhone11, [000002E249066800][000002E23E68C540 49] iPhone11Pro, [000002E249122E00][000002E249F8A800 49] iPhone11ProMax, [000002E249064B00][000002E249FA2AC0 49] iPhoneSE2, [000002E249121B00][000002E249D72D80 49] iPhone12Mini, [000002E249064800][000002E2478FF000 49] iPhone12, [000002E249121700][000002E23E661280 49] iPhone12Pro, [000002E249064100][000002E23E669540 49] iPhone12ProMax, [000002E249122F00][000002E249DA5800 49] iPadPro105, [000002E249067D00][000002E24A083AC0 49] iPadPro129, [000002E249121300][000002E24A086200 49] iPadPro97, [000002E249066500][000002E24A08A4C0 49] iPadPro2_129, [000002E249121100][000002E249DA8780 49] iPad5, [000002E249064900][000002E249DACA40 49] iPad6, [000002E249121800][000002E249DB0D00 49] iPad7, [000002E249064700][000002E249DD6FC0 49] iPad8, [000002E249121D00][000002E23E665240 49] iPadPro11, [000002E249065400][000002E2478DF4C0 49] iPadPro2_11, [000002E249120400][000002E249DDB780 49] iPadPro3_129, [000002E249067000][000002E249DDFA40 49] iPadPro4_129, [000002E249122200][000002E23E106180 49] AppleTV, [000002E249066300][000002E23E10A440 49] AppleTV4K, [000002E249122000][000002E2478E6700 49] TVOS, [000002E249066E00][000002E249D509C0 49] Mac, [000002E249122400][000002E249D44C80 49] MacClient, [000002E249064D00][000002E243B90F40 49] MacNoEditor, [000002E249122C00][000002E249DEB200 49] MacServer, [000002E249064C00][000002E2478E3480 49] Linux, [000002E249123900][000002E249DA1700 49] LinuxAArch64, [000002E2493FC100][000002E23E10F9C0 49] LinuxNoEditor, [000002E249363700][000002E23E112100 49] LinuxAArch64NoEditor, [000002E2493FD800][000002E23E1163C0 49] LinuxClient, [000002E249363E00][000002E23E11A680 49] LinuxAArch64Client, [000002E2493FCC00][000002E23E11E940 49] LinuxServer, [000002E249363000][000002E23E122C00 49] LinuxAArch64Server, [000002E2493FDC00][000002E23E126EC0 49] Android, [000002E249363300][000002E249D03180 49] Android_Low, [000002E2493FC600][000002E249D07440 49] Android_Mid, [000002E249360F00][000002E24A07F6C0 49] Android_High, [000002E2493FD100][000002E249D0B940 49] Android_Default, [000002E249360600][000002E249D13C00 49] Android_Adreno4xx, [000002E2493FCD00][000002E249D16340 49] Android_Adreno5xx_Low, [000002E249362B00][000002E249D1A600 49] Android_Adreno5xx, [000002E2493FE100][000002E249D1E8C0 49] Android_Adreno6xx, [000002E249362F00][000002E249D22B80 49] Android_Adreno6xx_Vulkan, [000002E2493FDA00][000002E249D26E40 49] Android_Mali_T6xx, [000002E249362200][000002E249D2B100 49] Android_Mali_T7xx, [000002E2493FC500][000002E249D2F3C0 49] Android_Mali_T8xx, [000002E249361400][000002E249D33680 49] Android_Mali_G71, [000002E249123A00][000002E249D0F900 49] Android_Mali_G72, [000002E249065C00][000002E249D37B80 49] Android_Mali_G72_Vulkan, [000002E249123600][000002E249E202C0 49] Android_Mali_G76, [000002E249064500][000002E249E24580 49] Android_Mali_G76_Vulkan, [000002E249121900][000002E249E28840 49] Android_Mali_G77, [000002E249066900][000002E249E2CB00 49] Android_Mali_G77_Vulkan, [000002E249120A00][000002E249E30DC0 49] Android_Mali_G78, [000002E249064A00][000002E249E35080 49] Android_Mali_G78_Vulkan, [000002E249121C00][000002E249E39340 49] Android_Mali_G710, [000002E249065800][000002E249E3D600 49] Android_Mali_G710_Vulkan, [000002E2493FC800][000002E249E418C0 49] Android_Vulkan_SM5, [000002E249065600][000002E249E1DB40 49] Android_PowerVR_G6xxx, [000002E2493FD600][000002E249E44240 49] Android_PowerVR_GT7xxx, [000002E249064600][000002E249E4C500 49] Android_PowerVR_GE8xxx, [000002E2493FCF00][000002E249E507C0 49] Android_PowerVR_GM9xxx, [000002E249067800][000002E249E54A80 49] Android_PowerVR_GM9xxx_Vulkan, [000002E2493FD400][000002E249E58D40 49] Android_TegraK1, [000002E249067400][000002E249E5D000 49] Android_Unknown_Vulkan, [000002E2493FDD00][000002E249E612C0 49] Lumin, [000002E249065200][000002E249FA7580 49] Lumin_Desktop, [000002E2493FD700][000002E249FAB840 49] HoloLens, 
[2021.11.29-17.03.30:973][  0]LogMeshReduction: Using QuadricMeshReduction for automatic static mesh reduction
[2021.11.29-17.03.30:973][  0]LogMeshReduction: Using SimplygonMeshReduction for automatic skeletal mesh reduction
[2021.11.29-17.03.30:973][  0]LogMeshReduction: Using ProxyLODMeshReduction for automatic mesh merging
[2021.11.29-17.03.30:973][  0]LogMeshReduction: No distributed automatic mesh merging module available
[2021.11.29-17.03.30:974][  0]LogMeshMerging: No distributed automatic mesh merging module available
[2021.11.29-17.03.31:020][  0]LogNetVersion: PruebasClase 1.0.0, NetCL: 17155196, EngineNetVer: 17, GameNetVer: 0 (Checksum: 3889924239)
[2021.11.29-17.03.31:951][  0]LogTexture: Default maximum texture size for cubemaps generated from long-lat sources has been changed from 512 to unlimited. In order to preserve old behaiour for '/Engine/MapTemplates/Sky/DaylightAmbientCubemap.DaylightAmbientCubemap', its maximum texture size has been explicitly set to 512.
[2021.11.29-17.03.32:090][  0]LogHMD: PokeAHoleMaterial loaded successfully
[2021.11.29-17.03.32:104][  0]LogUObjectArray: 17178 objects as part of root set at end of initial load.
[2021.11.29-17.03.32:104][  0]LogUObjectAllocator: 4301856 out of 0 bytes used by permanent object pool.
[2021.11.29-17.03.32:104][  0]LogUObjectArray: CloseDisregardForGC: 0/0 objects in disregard for GC pool
[2021.11.29-17.03.32:803][  0]LogPython: Using Python 3.7.7
[2021.11.29-17.03.33:410][  0]LogNiagaraDebuggerClient: Niagara Debugger Client Initialized | Session: F2278EAF45B0B7FF6F058A822DAD2BE1 | Instance: D29725B9468484D662482A8BB8E7978C (UTWKS0891-13444).
[2021.11.29-17.03.33:501][  0]LogStreaming: Warning: Failed to read file '../../../Engine/Content/Editor/Slate/Niagara/MenuSeparator.png' error.
[2021.11.29-17.03.33:501][  0]LogSlate: Could not find file for Slate resource: ../../../Engine/Content/Editor/Slate/Niagara/MenuSeparator.png
[2021.11.29-17.03.33:501][  0]LogStreaming: Warning: Failed to read file '../../../Engine/Content/Editor/Slate/Niagara/Common/Selector.png' error.
[2021.11.29-17.03.33:501][  0]LogSlate: Could not find file for Slate resource: ../../../Engine/Content/Editor/Slate/Niagara/Common/Selector.png
[2021.11.29-17.03.33:501][  0]LogStreaming: Warning: Failed to read file '../../../Engine/Content/Editor/Slate/Niagara/Common/DropZoneIndicator_Above.png' error.
[2021.11.29-17.03.33:501][  0]LogSlate: Could not find file for Slate resource: ../../../Engine/Content/Editor/Slate/Niagara/Common/DropZoneIndicator_Above.png
[2021.11.29-17.03.33:501][  0]LogStreaming: Warning: Failed to read file '../../../Engine/Content/Editor/Slate/Niagara/Common/Selection.png' error.
[2021.11.29-17.03.33:501][  0]LogSlate: Could not find file for Slate resource: ../../../Engine/Content/Editor/Slate/Niagara/Common/Selection.png
[2021.11.29-17.03.33:501][  0]LogStreaming: Warning: Failed to read file '../../../Engine/Content/Editor/Slate/Niagara/Common/DropZoneIndicator_Onto.png' error.
[2021.11.29-17.03.33:501][  0]LogSlate: Could not find file for Slate resource: ../../../Engine/Content/Editor/Slate/Niagara/Common/DropZoneIndicator_Onto.png
[2021.11.29-17.03.33:501][  0]LogStreaming: Warning: Failed to read file '../../../Engine/Content/Editor/Slate/Niagara/Common/DropZoneIndicator_Below.png' error.
[2021.11.29-17.03.33:501][  0]LogSlate: Could not find file for Slate resource: ../../../Engine/Content/Editor/Slate/Niagara/Common/DropZoneIndicator_Below.png
[2021.11.29-17.03.33:501][  0]LogStreaming: Warning: Failed to read file '../../../Engine/Content/Editor/Slate/Niagara/Common/RoundedSelection_16x.png' error.
[2021.11.29-17.03.33:501][  0]LogSlate: Could not find file for Slate resource: ../../../Engine/Content/Editor/Slate/Niagara/Common/RoundedSelection_16x.png
[2021.11.29-17.03.33:501][  0]LogStreaming: Warning: Failed to read file '../../../Engine/Content/Editor/Slate/Niagara/Common/FlatButton.png' error.
[2021.11.29-17.03.33:501][  0]LogSlate: Could not find file for Slate resource: ../../../Engine/Content/Editor/Slate/Niagara/Common/FlatButton.png
[2021.11.29-17.03.33:501][  0]LogImageWrapper: Warning: PNG Warning: Duplicate iCCP chunk
[2021.11.29-17.03.33:501][  0]LogImageWrapper: Warning: PNG Warning: Duplicate iCCP chunk
[2021.11.29-17.03.33:801][  0]LogTcpMessaging: Initializing TcpMessaging bridge
[2021.11.29-17.03.33:810][  0]LogUdpMessaging: Initializing bridge on interface 0.0.0.0:0 to multicast group 230.0.0.1:6666.
[2021.11.29-17.03.34:168][  0]SourceControl: Source control is disabled
[2021.11.29-17.03.34:169][  0]SourceControl: Source control is disabled
[2021.11.29-17.03.34:212][  0]SourceControl: Source control is disabled
[2021.11.29-17.03.34:221][  0]SourceControl: Source control is disabled
[2021.11.29-17.03.34:331][  0]SourceControl: Source control is disabled
[2021.11.29-17.03.34:632][  0]LogUProjectInfo: Found projects:
[2021.11.29-17.03.34:716][  0]LogOpenImageDenoise: OIDN starting up
[2021.11.29-17.03.34:806][  0]LogAndroidPermission: UAndroidPermissionCallbackProxy::GetInstance
[2021.11.29-17.03.34:849][  0]LogAudioCaptureCore: Display: No Audio Capture implementations found. Audio input will be silent.
[2021.11.29-17.03.34:849][  0]LogAudioCaptureCore: Display: No Audio Capture implementations found. Audio input will be silent.
[2021.11.29-17.03.35:135][  0]LogCollectionManager: Loaded 0 collections in 0.003790 seconds
[2021.11.29-17.03.35:194][  0]LogFileCache: Scanning file cache for directory 'C:/Users/andres.perez/Documents/GitHub/C-/Unreal/Proyectos/PruebasClase/Saved/Collections/' took 0.00s
[2021.11.29-17.03.35:194][  0]LogFileCache: Scanning file cache for directory 'C:/Users/andres.perez/Documents/GitHub/C-/Unreal/Proyectos/PruebasClase/Content/Developers/andresperez/Collections/' took 0.00s
[2021.11.29-17.03.35:194][  0]LogFileCache: Scanning file cache for directory 'C:/Users/andres.perez/Documents/GitHub/C-/Unreal/Proyectos/PruebasClase/Content/Collections/' took 0.00s
[2021.11.29-17.03.35:194][  0]LogOcInput: OculusInput pre-init called
[2021.11.29-17.03.35:712][  0]LogStreaming: Warning: Failed to read file '../../../Engine/Content/Editor/Slate/Niagara/MenuSeparator.png' error.
[2021.11.29-17.03.35:712][  0]LogSlate: Could not find file for Slate resource: ../../../Engine/Content/Editor/Slate/Niagara/MenuSeparator.png
[2021.11.29-17.03.35:712][  0]LogStreaming: Warning: Failed to read file '../../../Engine/Content/Editor/Slate/Niagara/Common/Selector.png' error.
[2021.11.29-17.03.35:712][  0]LogSlate: Could not find file for Slate resource: ../../../Engine/Content/Editor/Slate/Niagara/Common/Selector.png
[2021.11.29-17.03.35:712][  0]LogStreaming: Warning: Failed to read file '../../../Engine/Content/Editor/Slate/Niagara/Common/Selection.png' error.
[2021.11.29-17.03.35:712][  0]LogStreaming: Warning: Failed to read file '../../../Engine/Content/Editor/Slate/Niagara/Common/DropZoneIndicator_Onto.png' error.
[2021.11.29-17.03.35:712][  0]LogSlate: Could not find file for Slate resource: ../../../Engine/Content/Editor/Slate/Niagara/Common/DropZoneIndicator_Onto.png
[2021.11.29-17.03.35:712][  0]LogSlate: Could not find file for Slate resource: ../../../Engine/Content/Editor/Slate/Niagara/Common/Selection.png
[2021.11.29-17.03.35:712][  0]LogStreaming: Warning: Failed to read file '../../../Engine/Content/Editor/Slate/Niagara/Common/DropZoneIndicator_Below.png' error.
[2021.11.29-17.03.35:712][  0]LogSlate: Could not find file for Slate resource: ../../../Engine/Content/Editor/Slate/Niagara/Common/DropZoneIndicator_Below.png
[2021.11.29-17.03.35:712][  0]LogStreaming: Warning: Failed to read file '../../../Engine/Content/Editor/Slate/Niagara/Common/DropZoneIndicator_Above.png' error.
[2021.11.29-17.03.35:712][  0]LogStreaming: Warning: Failed to read file '../../../Engine/Content/Editor/Slate/Niagara/Common/RoundedSelection_16x.png' error.
[2021.11.29-17.03.35:712][  0]LogSlate: Could not find file for Slate resource: ../../../Engine/Content/Editor/Slate/Niagara/Common/RoundedSelection_16x.png
[2021.11.29-17.03.35:712][  0]LogSlate: Could not find file for Slate resource: ../../../Engine/Content/Editor/Slate/Niagara/Common/DropZoneIndicator_Above.png
[2021.11.29-17.03.35:712][  0]LogStreaming: Warning: Failed to read file '../../../Engine/Content/Editor/Slate/Niagara/Common/FlatButton.png' error.
[2021.11.29-17.03.35:712][  0]LogSlate: Could not find file for Slate resource: ../../../Engine/Content/Editor/Slate/Niagara/Common/FlatButton.png
[2021.11.29-17.03.35:712][  0]LogImageWrapper: Warning: PNG Warning: Duplicate iCCP chunk
[2021.11.29-17.03.35:712][  0]LogImageWrapper: Warning: PNG Warning: Duplicate iCCP chunk
[2021.11.29-17.03.35:889][  0]LogEngine: Initializing Engine...
[2021.11.29-17.03.35:903][  0]LogHMD: Failed to enumerate extensions. Please check that you have a valid OpenXR runtime installed.
[2021.11.29-17.03.35:903][  0]LogHMD: Failed to initialize OpenVR with code 110
[2021.11.29-17.03.35:903][  0]LogMagicLeap: Warning: VR disabled because ZI is not enabled.  To enable, in the editor, Edit -> Project Settings -> Plugins -> Magic Leap Plugin -> Enable Zero Iteration
[2021.11.29-17.03.35:908][  0]LogStats: UGameplayTagsManager::InitializeManager -  0.001 s
[2021.11.29-17.03.36:130][  0]LogInit: Initializing FReadOnlyCVARCache
[2021.11.29-17.03.36:175][  0]LogAIModule: Creating AISystem for world Untitled
[2021.11.29-17.03.36:181][  0]LogAudio: Display: Initializing Audio Device Manager...
[2021.11.29-17.03.36:189][  0]LogAudio: Display: Loading Default Audio Settings Objects...
[2021.11.29-17.03.36:190][  0]LogAudio: Display: No default SoundConcurrencyObject specified (or failed to load).
[2021.11.29-17.03.36:192][  0]LogAudio: Display: Audio Device Manager Initialized
[2021.11.29-17.03.36:192][  0]LogAudio: Display: Creating Audio Device:                 Id: 1, Scope: Shared, Realtime: True
[2021.11.29-17.03.36:193][  0]LogAudioMixer: Display: Audio Mixer Platform Settings:
[2021.11.29-17.03.36:193][  0]LogAudioMixer: Display: 	Sample Rate:						  48000
[2021.11.29-17.03.36:193][  0]LogAudioMixer: Display: 	Callback Buffer Frame Size Requested: 1024
[2021.11.29-17.03.36:193][  0]LogAudioMixer: Display: 	Callback Buffer Frame Size To Use:	  1024
[2021.11.29-17.03.36:193][  0]LogAudioMixer: Display: 	Number of buffers to queue:			  2
[2021.11.29-17.03.36:193][  0]LogAudioMixer: Display: 	Max Channels (voices):				  32
[2021.11.29-17.03.36:193][  0]LogAudioMixer: Display: 	Number of Async Source Workers:		  0
[2021.11.29-17.03.36:193][  0]LogAudio: Display: AudioDevice MaxSources: 32
[2021.11.29-17.03.36:194][  0]LogAudio: Display: Audio Spatialization Plugin: None (built-in).
[2021.11.29-17.03.36:194][  0]LogAudio: Display: Audio Reverb Plugin: None (built-in).
[2021.11.29-17.03.36:194][  0]LogAudio: Display: Audio Occlusion Plugin: None (built-in).
[2021.11.29-17.03.36:194][  0]LogAudioMixer: Display: Initializing audio mixer.
[2021.11.29-17.03.36:221][  0]LogAudioMixer: Display: 0: FrontLeft
[2021.11.29-17.03.36:221][  0]LogAudioMixer: Display: 1: FrontRight
[2021.11.29-17.03.36:620][  0]LogAudioMixer: Display: Using Audio Device Speakers / Headphones (Realtek Audio)
[2021.11.29-17.03.36:622][  0]LogAudioMixer: Display: Initializing Sound Submixes...
[2021.11.29-17.03.36:626][  0]LogAudioMixer: Display: Creating Master Submix 'MasterSubmixDefault'
[2021.11.29-17.03.36:626][  0]LogAudioMixer: Display: Creating Master Submix 'MasterReverbSubmixDefault'
[2021.11.29-17.03.36:627][  0]LogAudioMixer: Display: Creating Master Submix 'MasterEQSubmixDefault'
[2021.11.29-17.03.36:628][  0]LogAudioMixer: FMixerPlatformXAudio2::StartAudioStream() called
[2021.11.29-17.03.36:628][  0]LogAudioMixer: Display: Output buffers initialized: Frames=1024, Channels=2, Samples=2048
[2021.11.29-17.03.36:629][  0]LogAudioMixer: Display: Starting AudioMixerPlatformInterface::RunInternal()
[2021.11.29-17.03.36:629][  0]LogAudioMixer: Display: FMixerPlatformXAudio2::SubmitBuffer() called for the first time
[2021.11.29-17.03.36:629][  0]LogInit: FAudioDevice initialized.
[2021.11.29-17.03.36:630][  0]LogAudio: Display: Audio Device (ID: 1) registered with world 'Untitled'.
[2021.11.29-17.03.36:630][  0]LogNetVersion: Set ProjectVersion to 1.0.0.0. Version Checksum will be recalculated on next use.
[2021.11.29-17.03.36:688][  0]LogDerivedDataCache: Saved boot cache 0.06s 95MB C:/Users/andres.perez/AppData/Local/UnrealEngine/4.27/DerivedDataCache/Boot.ddc.
[2021.11.29-17.03.36:689][  0]LogInit: Texture streaming: Enabled
[2021.11.29-17.03.36:712][  0]LogAnalytics: Display: [UEEditor.Rocket.Release] APIServer = https://datarouter.ol.epicgames.com/. AppVersion = 4.27.0-17155196+++UE4+Release-4.27
[2021.11.29-17.03.36:718][  0]LogEngineSessionManager: EngineSessionManager initialized
[2021.11.29-17.03.36:718][  0]LogEditorSessionSummary: Verbose: Initializing EditorSessionSummaryWriter for editor session tracking
[2021.11.29-17.03.36:721][  0]LogEditorSessionSummary: EditorSessionSummaryWriter initialized
[2021.11.29-17.03.36:768][  0]LogInit: Transaction tracking system initialized
[2021.11.29-17.03.36:818][  0]BlueprintLog: New page: Editor Load
[2021.11.29-17.03.37:000][  0]LocalizationService: Localization service is disabled
[2021.11.29-17.03.37:086][  0]TimingProfiler: Initialize
[2021.11.29-17.03.37:088][  0]TimingProfiler: OnSessionChanged
[2021.11.29-17.03.37:089][  0]LoadingProfiler: Initialize
[2021.11.29-17.03.37:089][  0]LoadingProfiler: OnSessionChanged
[2021.11.29-17.03.37:089][  0]NetworkingProfiler: Initialize
[2021.11.29-17.03.37:090][  0]NetworkingProfiler: OnSessionChanged
[2021.11.29-17.03.37:090][  0]MemoryProfiler: Initialize
[2021.11.29-17.03.37:090][  0]MemoryProfiler: OnSessionChanged
[2021.11.29-17.03.37:343][  0]LogFileCache: Scanning file cache for directory 'C:/Users/andres.perez/Documents/GitHub/C-/Unreal/Proyectos/PruebasClase/Content/' took 0.00s
[2021.11.29-17.03.37:343][  0]LogCook: Display: CookSettings for Memory: MemoryMaxUsedVirtual 0MiB, MemoryMaxUsedPhysical 16384MiB, MemoryMinFreeVirtual 0MiB, MemoryMinFreePhysical 1024MiB
[2021.11.29-17.03.37:344][  0]LogCook: Display: Mobile HDR setting 1
[2021.11.29-17.03.37:886][  0]LogStreaming: Warning: Failed to read file '../../../Engine/Content/Editor/Slate/Niagara/MenuSeparator.png' error.
[2021.11.29-17.03.37:886][  0]LogSlate: Could not find file for Slate resource: ../../../Engine/Content/Editor/Slate/Niagara/MenuSeparator.png
[2021.11.29-17.03.37:930][  0]LogStreaming: Warning: Failed to read file '../../../Engine/Content/Editor/Slate/Niagara/Common/Selector.png' error.
[2021.11.29-17.03.37:930][  0]LogSlate: Could not find file for Slate resource: ../../../Engine/Content/Editor/Slate/Niagara/Common/Selector.png
[2021.11.29-17.03.37:930][  0]LogStreaming: Warning: Failed to read file '../../../Engine/Content/Editor/Slate/Niagara/Common/Selection.png' error.
[2021.11.29-17.03.37:930][  0]LogSlate: Could not find file for Slate resource: ../../../Engine/Content/Editor/Slate/Niagara/Common/Selection.png
[2021.11.29-17.03.37:930][  0]LogStreaming: Warning: Failed to read file '../../../Engine/Content/Editor/Slate/Niagara/Common/DropZoneIndicator_Above.png' error.
[2021.11.29-17.03.37:930][  0]LogSlate: Could not find file for Slate resource: ../../../Engine/Content/Editor/Slate/Niagara/Common/DropZoneIndicator_Above.png
[2021.11.29-17.03.37:930][  0]LogStreaming: Warning: Failed to read file '../../../Engine/Content/Editor/Slate/Niagara/Common/DropZoneIndicator_Onto.png' error.
[2021.11.29-17.03.37:930][  0]LogSlate: Could not find file for Slate resource: ../../../Engine/Content/Editor/Slate/Niagara/Common/DropZoneIndicator_Onto.png
[2021.11.29-17.03.37:930][  0]LogStreaming: Warning: Failed to read file '../../../Engine/Content/Editor/Slate/Niagara/Common/DropZoneIndicator_Below.png' error.
[2021.11.29-17.03.37:930][  0]LogSlate: Could not find file for Slate resource: ../../../Engine/Content/Editor/Slate/Niagara/Common/DropZoneIndicator_Below.png
[2021.11.29-17.03.37:930][  0]LogStreaming: Warning: Failed to read file '../../../Engine/Content/Editor/Slate/Niagara/Common/RoundedSelection_16x.png' error.
[2021.11.29-17.03.37:930][  0]LogSlate: Could not find file for Slate resource: ../../../Engine/Content/Editor/Slate/Niagara/Common/RoundedSelection_16x.png
[2021.11.29-17.03.37:930][  0]LogStreaming: Warning: Failed to read file '../../../Engine/Content/Editor/Slate/Niagara/Common/FlatButton.png' error.
[2021.11.29-17.03.37:930][  0]LogSlate: Could not find file for Slate resource: ../../../Engine/Content/Editor/Slate/Niagara/Common/FlatButton.png
[2021.11.29-17.03.37:930][  0]LogImageWrapper: Warning: PNG Warning: Duplicate iCCP chunk
[2021.11.29-17.03.37:930][  0]LogImageWrapper: Warning: PNG Warning: Duplicate iCCP chunk
[2021.11.29-17.03.37:943][  0]LogInit: Display: Engine is initialized. Leaving FEngineLoop::Init()
[2021.11.29-17.03.37:950][  0]SourceControl: Source control is disabled
[2021.11.29-17.03.37:950][  0]LogUnrealEdMisc: Loading editor; pre map load, took 13.760
[2021.11.29-17.03.37:952][  0]Cmd: MAP LOAD FILE="../../../../../../Users/andres.perez/Documents/GitHub/C-/Unreal/Proyectos/PruebasClase/Content/Levels/Pruebas.umap" TEMPLATE=0 SHOWPROGRESS=1 FEATURELEVEL=3
[2021.11.29-17.03.37:954][  0]LightingResults: New page: Lighting Build
[2021.11.29-17.03.37:960][  0]LogWorld: UWorld::CleanupWorld for Untitled, bSessionEnded=true, bCleanupResources=true
[2021.11.29-17.03.37:960][  0]LogSlate: InvalidateAllWidgets triggered.  All widgets were invalidated
[2021.11.29-17.03.37:961][  0]MapCheck: New page: Map Check
[2021.11.29-17.03.37:961][  0]LightingResults: New page: Lighting Build
[2021.11.29-17.03.37:979][  0]LogAudio: Display: Audio Device unregistered from world 'None'.
[2021.11.29-17.03.37:985][  0]LogUObjectHash: Compacting FUObjectHashTables data took   0.83ms
[2021.11.29-17.03.38:078][  0]LogAudio: Display: Audio Device (ID: 1) registered with world 'Pruebas'.
[2021.11.29-17.03.38:079][  0]LogAIModule: Creating AISystem for world Pruebas
[2021.11.29-17.03.38:095][  0]LogEditorServer: Finished looking for orphan Actors (0.000 secs)
[2021.11.29-17.03.38:115][  0]LogUObjectHash: Compacting FUObjectHashTables data took   1.74ms
[2021.11.29-17.03.38:117][  0]Cmd: MAP CHECKDEP NOCLEARLOG
[2021.11.29-17.03.38:118][  0]MapCheck: Map check complete: 0 Error(s), 0 Warning(s), took 0,457ms to complete.
[2021.11.29-17.03.38:118][  0]LogFileHelpers: Loading map 'Pruebas' took 0.167
[2021.11.29-17.03.38:136][  0]LogUnrealEdMisc: Total Editor Startup Time, took 13.946
[2021.11.29-17.03.38:325][  0]LogSlate: Updating window title bar state: overlay mode, drag disabled, window buttons hidden, title bar hidden
[2021.11.29-17.03.38:332][  0]LogSlate: Updating window title bar state: overlay mode, drag disabled, window buttons hidden, title bar hidden
[2021.11.29-17.03.38:338][  0]LogSlate: Updating window title bar state: overlay mode, drag disabled, window buttons hidden, title bar hidden
[2021.11.29-17.03.38:343][  0]LogSlate: Updating window title bar state: overlay mode, drag disabled, window buttons hidden, title bar hidden
[2021.11.29-17.03.38:376][  0]LogNativeClassHierarchy: Verbose: Native class hierarchy populated in 0.0099 seconds. Added 3822 classes and 928 folders.
[2021.11.29-17.03.38:382][  0]LogNativeClassHierarchy: Verbose: Native class hierarchy updated for 'WidgetCarousel' in 0.0003 seconds. Added 0 classes and 0 folders.
[2021.11.29-17.03.38:386][  0]LogPakFile: PakFile PrimaryIndexSize=187
[2021.11.29-17.03.38:386][  0]LogPakFile: PakFile PathHashIndexSize=101
[2021.11.29-17.03.38:386][  0]LogPakFile: PakFile FullDirectoryIndexSize=148
[2021.11.29-17.03.38:386][  0]LogShaderLibrary: Display: ShaderCodeLibraryPakFileMountedCallback: PakFile 'C:/Program Files/Epic Games/UE_4.27/FeaturePacks/FP_FirstPerson.upack' (chunk index -1, root 'root:/') mounted
[2021.11.29-17.03.38:386][  0]LogShaderLibrary: Display: ShaderCodeLibraryPakFileMountedCallback: pending pak file info (ChunkID:-1 Root:root:/ File:C:/Program Files/Epic Games/UE_4.27/FeaturePacks/FP_FirstPerson.upack)
[2021.11.29-17.03.38:386][  0]LogPakFile: OnPakFileMounted2Time == 0.000059
[2021.11.29-17.03.38:388][  0]LogPakFile: PakFile PrimaryIndexSize=189
[2021.11.29-17.03.38:388][  0]LogPakFile: PakFile PathHashIndexSize=101
[2021.11.29-17.03.38:388][  0]LogPakFile: PakFile FullDirectoryIndexSize=152
[2021.11.29-17.03.38:388][  0]LogShaderLibrary: Display: ShaderCodeLibraryPakFileMountedCallback: PakFile 'C:/Program Files/Epic Games/UE_4.27/FeaturePacks/FP_FirstPersonBP.upack' (chunk index -1, root 'root:/') mounted
[2021.11.29-17.03.38:388][  0]LogShaderLibrary: Display: ShaderCodeLibraryPakFileMountedCallback: pending pak file info (ChunkID:-1 Root:root:/ File:C:/Program Files/Epic Games/UE_4.27/FeaturePacks/FP_FirstPersonBP.upack)
[2021.11.29-17.03.38:388][  0]LogPakFile: OnPakFileMounted2Time == 0.000041
[2021.11.29-17.03.38:389][  0]LogPakFile: PakFile PrimaryIndexSize=191
[2021.11.29-17.03.38:389][  0]LogPakFile: PakFile PathHashIndexSize=101
[2021.11.29-17.03.38:389][  0]LogPakFile: PakFile FullDirectoryIndexSize=160
[2021.11.29-17.03.38:389][  0]LogShaderLibrary: Display: ShaderCodeLibraryPakFileMountedCallback: PakFile 'C:/Program Files/Epic Games/UE_4.27/FeaturePacks/MobileStarterContent.upack' (chunk index -1, root 'root:/') mounted
[2021.11.29-17.03.38:389][  0]LogShaderLibrary: Display: ShaderCodeLibraryPakFileMountedCallback: pending pak file info (ChunkID:-1 Root:root:/ File:C:/Program Files/Epic Games/UE_4.27/FeaturePacks/MobileStarterContent.upack)
[2021.11.29-17.03.38:389][  0]LogPakFile: OnPakFileMounted2Time == 0.000044
[2021.11.29-17.03.38:391][  0]LogPakFile: PakFile PrimaryIndexSize=185
[2021.11.29-17.03.38:391][  0]LogPakFile: PakFile PathHashIndexSize=101
[2021.11.29-17.03.38:391][  0]LogPakFile: PakFile FullDirectoryIndexSize=148
[2021.11.29-17.03.38:391][  0]LogShaderLibrary: Display: ShaderCodeLibraryPakFileMountedCallback: PakFile 'C:/Program Files/Epic Games/UE_4.27/FeaturePacks/StarterContent.upack' (chunk index -1, root 'root:/') mounted
[2021.11.29-17.03.38:391][  0]LogShaderLibrary: Display: ShaderCodeLibraryPakFileMountedCallback: pending pak file info (ChunkID:-1 Root:root:/ File:C:/Program Files/Epic Games/UE_4.27/FeaturePacks/StarterContent.upack)
[2021.11.29-17.03.38:391][  0]LogPakFile: OnPakFileMounted2Time == 0.000035
[2021.11.29-17.03.38:393][  0]LogPakFile: PakFile PrimaryIndexSize=190
[2021.11.29-17.03.38:393][  0]LogPakFile: PakFile PathHashIndexSize=101
[2021.11.29-17.03.38:393][  0]LogPakFile: PakFile FullDirectoryIndexSize=154
[2021.11.29-17.03.38:393][  0]LogShaderLibrary: Display: ShaderCodeLibraryPakFileMountedCallback: PakFile 'C:/Program Files/Epic Games/UE_4.27/FeaturePacks/TP_2DSideScroller.upack' (chunk index -1, root 'root:/') mounted
[2021.11.29-17.03.38:393][  0]LogShaderLibrary: Display: ShaderCodeLibraryPakFileMountedCallback: pending pak file info (ChunkID:-1 Root:root:/ File:C:/Program Files/Epic Games/UE_4.27/FeaturePacks/TP_2DSideScroller.upack)
[2021.11.29-17.03.38:393][  0]LogPakFile: OnPakFileMounted2Time == 0.000032
[2021.11.29-17.03.38:394][  0]LogPakFile: PakFile PrimaryIndexSize=192
[2021.11.29-17.03.38:394][  0]LogPakFile: PakFile PathHashIndexSize=101
[2021.11.29-17.03.38:394][  0]LogPakFile: PakFile FullDirectoryIndexSize=158
[2021.11.29-17.03.38:394][  0]LogShaderLibrary: Display: ShaderCodeLibraryPakFileMountedCallback: PakFile 'C:/Program Files/Epic Games/UE_4.27/FeaturePacks/TP_2DSideScrollerBP.upack' (chunk index -1, root 'root:/') mounted
[2021.11.29-17.03.38:394][  0]LogShaderLibrary: Display: ShaderCodeLibraryPakFileMountedCallback: pending pak file info (ChunkID:-1 Root:root:/ File:C:/Program Files/Epic Games/UE_4.27/FeaturePacks/TP_2DSideScrollerBP.upack)
[2021.11.29-17.03.38:394][  0]LogPakFile: OnPakFileMounted2Time == 0.000033
[2021.11.29-17.03.38:395][  0]LogPakFile: PakFile PrimaryIndexSize=182
[2021.11.29-17.03.38:395][  0]LogPakFile: PakFile PathHashIndexSize=101
[2021.11.29-17.03.38:395][  0]LogPakFile: PakFile FullDirectoryIndexSize=138
[2021.11.29-17.03.38:395][  0]LogShaderLibrary: Display: ShaderCodeLibraryPakFileMountedCallback: PakFile 'C:/Program Files/Epic Games/UE_4.27/FeaturePacks/TP_Flying.upack' (chunk index -1, root 'root:/') mounted
[2021.11.29-17.03.38:395][  0]LogShaderLibrary: Display: ShaderCodeLibraryPakFileMountedCallback: pending pak file info (ChunkID:-1 Root:root:/ File:C:/Program Files/Epic Games/UE_4.27/FeaturePacks/TP_Flying.upack)
[2021.11.29-17.03.38:395][  0]LogPakFile: OnPakFileMounted2Time == 0.000033
[2021.11.29-17.03.38:396][  0]LogPakFile: PakFile PrimaryIndexSize=184
[2021.11.29-17.03.38:397][  0]LogPakFile: PakFile PathHashIndexSize=101
[2021.11.29-17.03.38:397][  0]LogPakFile: PakFile FullDirectoryIndexSize=142
[2021.11.29-17.03.38:397][  0]LogShaderLibrary: Display: ShaderCodeLibraryPakFileMountedCallback: PakFile 'C:/Program Files/Epic Games/UE_4.27/FeaturePacks/TP_FlyingBP.upack' (chunk index -1, root 'root:/') mounted
[2021.11.29-17.03.38:397][  0]LogShaderLibrary: Display: ShaderCodeLibraryPakFileMountedCallback: pending pak file info (ChunkID:-1 Root:root:/ File:C:/Program Files/Epic Games/UE_4.27/FeaturePacks/TP_FlyingBP.upack)
[2021.11.29-17.03.38:397][  0]LogPakFile: OnPakFileMounted2Time == 0.000033
[2021.11.29-17.03.38:398][  0]LogPakFile: PakFile PrimaryIndexSize=188
[2021.11.29-17.03.38:398][  0]LogPakFile: PakFile PathHashIndexSize=101
[2021.11.29-17.03.38:398][  0]LogPakFile: PakFile FullDirectoryIndexSize=150
[2021.11.29-17.03.38:398][  0]LogShaderLibrary: Display: ShaderCodeLibraryPakFileMountedCallback: PakFile 'C:/Program Files/Epic Games/UE_4.27/FeaturePacks/TP_HandheldARBP.upack' (chunk index -1, root 'root:/') mounted
[2021.11.29-17.03.38:398][  0]LogShaderLibrary: Display: ShaderCodeLibraryPakFileMountedCallback: pending pak file info (ChunkID:-1 Root:root:/ File:C:/Program Files/Epic Games/UE_4.27/FeaturePacks/TP_HandheldARBP.upack)
[2021.11.29-17.03.38:398][  0]LogPakFile: OnPakFileMounted2Time == 0.000037
[2021.11.29-17.03.38:400][  0]LogPakFile: PakFile PrimaryIndexSize=182
[2021.11.29-17.03.38:400][  0]LogPakFile: PakFile PathHashIndexSize=101
[2021.11.29-17.03.38:400][  0]LogPakFile: PakFile FullDirectoryIndexSize=138
[2021.11.29-17.03.38:400][  0]LogShaderLibrary: Display: ShaderCodeLibraryPakFileMountedCallback: PakFile 'C:/Program Files/Epic Games/UE_4.27/FeaturePacks/TP_Puzzle.upack' (chunk index -1, root 'root:/') mounted
[2021.11.29-17.03.38:400][  0]LogShaderLibrary: Display: ShaderCodeLibraryPakFileMountedCallback: pending pak file info (ChunkID:-1 Root:root:/ File:C:/Program Files/Epic Games/UE_4.27/FeaturePacks/TP_Puzzle.upack)
[2021.11.29-17.03.38:400][  0]LogPakFile: OnPakFileMounted2Time == 0.000042
[2021.11.29-17.03.38:401][  0]LogPakFile: PakFile PrimaryIndexSize=184
[2021.11.29-17.03.38:401][  0]LogPakFile: PakFile PathHashIndexSize=101
[2021.11.29-17.03.38:401][  0]LogPakFile: PakFile FullDirectoryIndexSize=142
[2021.11.29-17.03.38:401][  0]LogShaderLibrary: Display: ShaderCodeLibraryPakFileMountedCallback: PakFile 'C:/Program Files/Epic Games/UE_4.27/FeaturePacks/TP_PuzzleBP.upack' (chunk index -1, root 'root:/') mounted
[2021.11.29-17.03.38:401][  0]LogShaderLibrary: Display: ShaderCodeLibraryPakFileMountedCallback: pending pak file info (ChunkID:-1 Root:root:/ File:C:/Program Files/Epic Games/UE_4.27/FeaturePacks/TP_PuzzleBP.upack)
[2021.11.29-17.03.38:401][  0]LogPakFile: OnPakFileMounted2Time == 0.000030
[2021.11.29-17.03.38:402][  0]LogPakFile: PakFile PrimaryIndexSize=183
[2021.11.29-17.03.38:403][  0]LogPakFile: PakFile PathHashIndexSize=101
[2021.11.29-17.03.38:403][  0]LogPakFile: PakFile FullDirectoryIndexSize=140
[2021.11.29-17.03.38:403][  0]LogShaderLibrary: Display: ShaderCodeLibraryPakFileMountedCallback: PakFile 'C:/Program Files/Epic Games/UE_4.27/FeaturePacks/TP_Rolling.upack' (chunk index -1, root 'root:/') mounted
[2021.11.29-17.03.38:403][  0]LogShaderLibrary: Display: ShaderCodeLibraryPakFileMountedCallback: pending pak file info (ChunkID:-1 Root:root:/ File:C:/Program Files/Epic Games/UE_4.27/FeaturePacks/TP_Rolling.upack)
[2021.11.29-17.03.38:403][  0]LogPakFile: OnPakFileMounted2Time == 0.000034
[2021.11.29-17.03.38:404][  0]LogPakFile: PakFile PrimaryIndexSize=185
[2021.11.29-17.03.38:404][  0]LogPakFile: PakFile PathHashIndexSize=101
[2021.11.29-17.03.38:404][  0]LogPakFile: PakFile FullDirectoryIndexSize=144
[2021.11.29-17.03.38:404][  0]LogShaderLibrary: Display: ShaderCodeLibraryPakFileMountedCallback: PakFile 'C:/Program Files/Epic Games/UE_4.27/FeaturePacks/TP_RollingBP.upack' (chunk index -1, root 'root:/') mounted
[2021.11.29-17.03.38:404][  0]LogShaderLibrary: Display: ShaderCodeLibraryPakFileMountedCallback: pending pak file info (ChunkID:-1 Root:root:/ File:C:/Program Files/Epic Games/UE_4.27/FeaturePacks/TP_RollingBP.upack)
[2021.11.29-17.03.38:404][  0]LogPakFile: OnPakFileMounted2Time == 0.000033
[2021.11.29-17.03.38:405][  0]LogPakFile: PakFile PrimaryIndexSize=188
[2021.11.29-17.03.38:405][  0]LogPakFile: PakFile PathHashIndexSize=101
[2021.11.29-17.03.38:405][  0]LogPakFile: PakFile FullDirectoryIndexSize=150
[2021.11.29-17.03.38:405][  0]LogShaderLibrary: Display: ShaderCodeLibraryPakFileMountedCallback: PakFile 'C:/Program Files/Epic Games/UE_4.27/FeaturePacks/TP_SideScroller.upack' (chunk index -1, root 'root:/') mounted
[2021.11.29-17.03.38:405][  0]LogShaderLibrary: Display: ShaderCodeLibraryPakFileMountedCallback: pending pak file info (ChunkID:-1 Root:root:/ File:C:/Program Files/Epic Games/UE_4.27/FeaturePacks/TP_SideScroller.upack)
[2021.11.29-17.03.38:405][  0]LogPakFile: OnPakFileMounted2Time == 0.000027
[2021.11.29-17.03.38:406][  0]LogPakFile: PakFile PrimaryIndexSize=190
[2021.11.29-17.03.38:406][  0]LogPakFile: PakFile PathHashIndexSize=101
[2021.11.29-17.03.38:406][  0]LogPakFile: PakFile FullDirectoryIndexSize=154
[2021.11.29-17.03.38:406][  0]LogShaderLibrary: Display: ShaderCodeLibraryPakFileMountedCallback: PakFile 'C:/Program Files/Epic Games/UE_4.27/FeaturePacks/TP_SideScrollerBP.upack' (chunk index -1, root 'root:/') mounted
[2021.11.29-17.03.38:406][  0]LogShaderLibrary: Display: ShaderCodeLibraryPakFileMountedCallback: pending pak file info (ChunkID:-1 Root:root:/ File:C:/Program Files/Epic Games/UE_4.27/FeaturePacks/TP_SideScrollerBP.upack)
[2021.11.29-17.03.38:406][  0]LogPakFile: OnPakFileMounted2Time == 0.000032
[2021.11.29-17.03.38:407][  0]LogPakFile: PakFile PrimaryIndexSize=187
[2021.11.29-17.03.38:407][  0]LogPakFile: PakFile PathHashIndexSize=101
[2021.11.29-17.03.38:407][  0]LogPakFile: PakFile FullDirectoryIndexSize=148
[2021.11.29-17.03.38:407][  0]LogShaderLibrary: Display: ShaderCodeLibraryPakFileMountedCallback: PakFile 'C:/Program Files/Epic Games/UE_4.27/FeaturePacks/TP_ThirdPerson.upack' (chunk index -1, root 'root:/') mounted
[2021.11.29-17.03.38:407][  0]LogShaderLibrary: Display: ShaderCodeLibraryPakFileMountedCallback: pending pak file info (ChunkID:-1 Root:root:/ File:C:/Program Files/Epic Games/UE_4.27/FeaturePacks/TP_ThirdPerson.upack)
[2021.11.29-17.03.38:408][  0]LogPakFile: OnPakFileMounted2Time == 0.000033
[2021.11.29-17.03.38:409][  0]LogPakFile: PakFile PrimaryIndexSize=189
[2021.11.29-17.03.38:409][  0]LogPakFile: PakFile PathHashIndexSize=101
[2021.11.29-17.03.38:409][  0]LogPakFile: PakFile FullDirectoryIndexSize=152
[2021.11.29-17.03.38:409][  0]LogShaderLibrary: Display: ShaderCodeLibraryPakFileMountedCallback: PakFile 'C:/Program Files/Epic Games/UE_4.27/FeaturePacks/TP_ThirdPersonBP.upack' (chunk index -1, root 'root:/') mounted
[2021.11.29-17.03.38:409][  0]LogShaderLibrary: Display: ShaderCodeLibraryPakFileMountedCallback: pending pak file info (ChunkID:-1 Root:root:/ File:C:/Program Files/Epic Games/UE_4.27/FeaturePacks/TP_ThirdPersonBP.upack)
[2021.11.29-17.03.38:409][  0]LogPakFile: OnPakFileMounted2Time == 0.000031
[2021.11.29-17.03.38:410][  0]LogPakFile: PakFile PrimaryIndexSize=183
[2021.11.29-17.03.38:410][  0]LogPakFile: PakFile PathHashIndexSize=101
[2021.11.29-17.03.38:411][  0]LogPakFile: PakFile FullDirectoryIndexSize=140
[2021.11.29-17.03.38:411][  0]LogShaderLibrary: Display: ShaderCodeLibraryPakFileMountedCallback: PakFile 'C:/Program Files/Epic Games/UE_4.27/FeaturePacks/TP_TopDown.upack' (chunk index -1, root 'root:/') mounted
[2021.11.29-17.03.38:411][  0]LogShaderLibrary: Display: ShaderCodeLibraryPakFileMountedCallback: pending pak file info (ChunkID:-1 Root:root:/ File:C:/Program Files/Epic Games/UE_4.27/FeaturePacks/TP_TopDown.upack)
[2021.11.29-17.03.38:411][  0]LogPakFile: OnPakFileMounted2Time == 0.000047
[2021.11.29-17.03.38:412][  0]LogPakFile: PakFile PrimaryIndexSize=185
[2021.11.29-17.03.38:412][  0]LogPakFile: PakFile PathHashIndexSize=101
[2021.11.29-17.03.38:412][  0]LogPakFile: PakFile FullDirectoryIndexSize=144
[2021.11.29-17.03.38:412][  0]LogShaderLibrary: Display: ShaderCodeLibraryPakFileMountedCallback: PakFile 'C:/Program Files/Epic Games/UE_4.27/FeaturePacks/TP_TopDownBP.upack' (chunk index -1, root 'root:/') mounted
[2021.11.29-17.03.38:412][  0]LogShaderLibrary: Display: ShaderCodeLibraryPakFileMountedCallback: pending pak file info (ChunkID:-1 Root:root:/ File:C:/Program Files/Epic Games/UE_4.27/FeaturePacks/TP_TopDownBP.upack)
[2021.11.29-17.03.38:412][  0]LogPakFile: OnPakFileMounted2Time == 0.000029
[2021.11.29-17.03.38:413][  0]LogPakFile: PakFile PrimaryIndexSize=185
[2021.11.29-17.03.38:413][  0]LogPakFile: PakFile PathHashIndexSize=101
[2021.11.29-17.03.38:413][  0]LogPakFile: PakFile FullDirectoryIndexSize=144
[2021.11.29-17.03.38:413][  0]LogShaderLibrary: Display: ShaderCodeLibraryPakFileMountedCallback: PakFile 'C:/Program Files/Epic Games/UE_4.27/FeaturePacks/TP_TwinStick.upack' (chunk index -1, root 'root:/') mounted
[2021.11.29-17.03.38:413][  0]LogShaderLibrary: Display: ShaderCodeLibraryPakFileMountedCallback: pending pak file info (ChunkID:-1 Root:root:/ File:C:/Program Files/Epic Games/UE_4.27/FeaturePacks/TP_TwinStick.upack)
[2021.11.29-17.03.38:413][  0]LogPakFile: OnPakFileMounted2Time == 0.000030
[2021.11.29-17.03.38:414][  0]LogPakFile: PakFile PrimaryIndexSize=187
[2021.11.29-17.03.38:414][  0]LogPakFile: PakFile PathHashIndexSize=101
[2021.11.29-17.03.38:414][  0]LogPakFile: PakFile FullDirectoryIndexSize=148
[2021.11.29-17.03.38:414][  0]LogShaderLibrary: Display: ShaderCodeLibraryPakFileMountedCallback: PakFile 'C:/Program Files/Epic Games/UE_4.27/FeaturePacks/TP_TwinStickBP.upack' (chunk index -1, root 'root:/') mounted
[2021.11.29-17.03.38:414][  0]LogShaderLibrary: Display: ShaderCodeLibraryPakFileMountedCallback: pending pak file info (ChunkID:-1 Root:root:/ File:C:/Program Files/Epic Games/UE_4.27/FeaturePacks/TP_TwinStickBP.upack)
[2021.11.29-17.03.38:414][  0]LogPakFile: OnPakFileMounted2Time == 0.000033
[2021.11.29-17.03.38:416][  0]LogPakFile: PakFile PrimaryIndexSize=183
[2021.11.29-17.03.38:416][  0]LogPakFile: PakFile PathHashIndexSize=101
[2021.11.29-17.03.38:416][  0]LogPakFile: PakFile FullDirectoryIndexSize=140
[2021.11.29-17.03.38:416][  0]LogShaderLibrary: Display: ShaderCodeLibraryPakFileMountedCallback: PakFile 'C:/Program Files/Epic Games/UE_4.27/FeaturePacks/TP_Vehicle.upack' (chunk index -1, root 'root:/') mounted
[2021.11.29-17.03.38:416][  0]LogShaderLibrary: Display: ShaderCodeLibraryPakFileMountedCallback: pending pak file info (ChunkID:-1 Root:root:/ File:C:/Program Files/Epic Games/UE_4.27/FeaturePacks/TP_Vehicle.upack)
[2021.11.29-17.03.38:416][  0]LogPakFile: OnPakFileMounted2Time == 0.000029
[2021.11.29-17.03.38:417][  0]LogPakFile: PakFile PrimaryIndexSize=186
[2021.11.29-17.03.38:417][  0]LogPakFile: PakFile PathHashIndexSize=101
[2021.11.29-17.03.38:417][  0]LogPakFile: PakFile FullDirectoryIndexSize=146
[2021.11.29-17.03.38:417][  0]LogShaderLibrary: Display: ShaderCodeLibraryPakFileMountedCallback: PakFile 'C:/Program Files/Epic Games/UE_4.27/FeaturePacks/TP_VehicleAdv.upack' (chunk index -1, root 'root:/') mounted
[2021.11.29-17.03.38:417][  0]LogShaderLibrary: Display: ShaderCodeLibraryPakFileMountedCallback: pending pak file info (ChunkID:-1 Root:root:/ File:C:/Program Files/Epic Games/UE_4.27/FeaturePacks/TP_VehicleAdv.upack)
[2021.11.29-17.03.38:417][  0]LogPakFile: OnPakFileMounted2Time == 0.000027
[2021.11.29-17.03.38:418][  0]LogPakFile: PakFile PrimaryIndexSize=188
[2021.11.29-17.03.38:419][  0]LogPakFile: PakFile PathHashIndexSize=101
[2021.11.29-17.03.38:419][  0]LogPakFile: PakFile FullDirectoryIndexSize=150
[2021.11.29-17.03.38:419][  0]LogShaderLibrary: Display: ShaderCodeLibraryPakFileMountedCallback: PakFile 'C:/Program Files/Epic Games/UE_4.27/FeaturePacks/TP_VehicleAdvBP.upack' (chunk index -1, root 'root:/') mounted
[2021.11.29-17.03.38:419][  0]LogShaderLibrary: Display: ShaderCodeLibraryPakFileMountedCallback: pending pak file info (ChunkID:-1 Root:root:/ File:C:/Program Files/Epic Games/UE_4.27/FeaturePacks/TP_VehicleAdvBP.upack)
[2021.11.29-17.03.38:419][  0]LogPakFile: OnPakFileMounted2Time == 0.000027
[2021.11.29-17.03.38:420][  0]LogPakFile: PakFile PrimaryIndexSize=185
[2021.11.29-17.03.38:420][  0]LogPakFile: PakFile PathHashIndexSize=101
[2021.11.29-17.03.38:420][  0]LogPakFile: PakFile FullDirectoryIndexSize=144
[2021.11.29-17.03.38:420][  0]LogShaderLibrary: Display: ShaderCodeLibraryPakFileMountedCallback: PakFile 'C:/Program Files/Epic Games/UE_4.27/FeaturePacks/TP_VehicleBP.upack' (chunk index -1, root 'root:/') mounted
[2021.11.29-17.03.38:420][  0]LogShaderLibrary: Display: ShaderCodeLibraryPakFileMountedCallback: pending pak file info (ChunkID:-1 Root:root:/ File:C:/Program Files/Epic Games/UE_4.27/FeaturePacks/TP_VehicleBP.upack)
[2021.11.29-17.03.38:420][  0]LogPakFile: OnPakFileMounted2Time == 0.000028
[2021.11.29-17.03.38:421][  0]LogPakFile: PakFile PrimaryIndexSize=192
[2021.11.29-17.03.38:421][  0]LogPakFile: PakFile PathHashIndexSize=101
[2021.11.29-17.03.38:421][  0]LogPakFile: PakFile FullDirectoryIndexSize=158
[2021.11.29-17.03.38:421][  0]LogShaderLibrary: Display: ShaderCodeLibraryPakFileMountedCallback: PakFile 'C:/Program Files/Epic Games/UE_4.27/FeaturePacks/TP_VirtualRealityBP.upack' (chunk index -1, root 'root:/') mounted
[2021.11.29-17.03.38:421][  0]LogShaderLibrary: Display: ShaderCodeLibraryPakFileMountedCallback: pending pak file info (ChunkID:-1 Root:root:/ File:C:/Program Files/Epic Games/UE_4.27/FeaturePacks/TP_VirtualRealityBP.upack)
[2021.11.29-17.03.38:421][  0]LogPakFile: OnPakFileMounted2Time == 0.000031
[2021.11.29-17.03.38:517][  0]LogNativeClassHierarchy: Verbose: Native class hierarchy updated for 'AddContentDialog' in 0.0006 seconds. Added 0 classes and 0 folders.
[2021.11.29-17.03.38:523][  0]LogNativeClassHierarchy: Verbose: Native class hierarchy updated for 'SceneOutliner' in 0.0004 seconds. Added 2 classes and 0 folders.
[2021.11.29-17.03.38:715][  0]LogSlate: Took 0.000658 seconds to synchronously load lazily loaded font '../../../Engine/Content/Slate/Fonts/Roboto-Regular.ttf' (155K)
[2021.11.29-17.03.38:716][  0]LogSlate: Took 0.000418 seconds to synchronously load lazily loaded font '../../../Engine/Content/Editor/Slate/Fonts/FontAwesome.ttf' (139K)
[2021.11.29-17.03.38:719][  0]LogSlate: Took 0.000711 seconds to synchronously load lazily loaded font '../../../Engine/Content/Slate/Fonts/Roboto-Bold.ttf' (160K)
[2021.11.29-17.03.38:795][  0]LogRenderer: Reallocating scene render targets to support 1348x652 Format 10 NumSamples 1 (Frame:1).
[2021.11.29-17.03.38:906][  0]LogNativeClassHierarchy: Verbose: Native class hierarchy updated for 'HierarchicalLODOutliner' in 0.0006 seconds. Added 0 classes and 0 folders.
[2021.11.29-17.03.38:906][  0]LogLoad: (Engine Initialization) Total time: 14.72 seconds
[2021.11.29-17.03.38:906][  0]LogLoad: (Engine Initialization) Total Blueprint compile time: 0.00 seconds
[2021.11.29-17.03.38:950][  0]LogAssetRegistry: Asset discovery search completed in 8.6251 seconds
[2021.11.29-17.03.38:963][  0]LogCollectionManager: Fixed up redirectors for 0 collections in 0.000019 seconds (updated 0 objects)
[2021.11.29-17.03.38:975][  0]LogContentStreaming: Texture pool size now 1000 MB
[2021.11.29-17.03.39:027][  3]LogSlate: Took 0.000460 seconds to synchronously load lazily loaded font '../../../Engine/Content/Slate/Fonts/Roboto-Light.ttf' (167K)
[2021.11.29-17.03.39:920][ 90]LogSlate: Took 0.000121 seconds to synchronously load lazily loaded font '../../../Engine/Content/Slate/Fonts/Roboto-Light.ttf' (167K)
[2021.11.29-17.15.07:995][453]LogAssetEditorSubsystem: Opening Asset editor for Blueprint /Game/BPs/Eventos/Platform.Platform
[2021.11.29-17.15.08:139][453]LogNativeClassHierarchy: Verbose: Native class hierarchy updated for 'BlueprintGraph' in 0.0006 seconds. Added 126 classes and 0 folders.
[2021.11.29-17.15.08:914][453]LogSlate: Took 0.000191 seconds to synchronously load lazily loaded font '../../../Engine/Content/Slate/Fonts/Roboto-BoldCondensed.ttf' (158K)
[2021.11.29-17.15.08:947][454]LogSlate: Took 0.000109 seconds to synchronously load lazily loaded font '../../../Engine/Content/Slate/Fonts/Roboto-Italic.ttf' (157K)
