  Collider.cpp
  main.cpp
C:\Program Files (x86)\Windows Kits\10\Include\10.0.19041.0\shared\minwindef.h(130,1): warning C4005: 'APIENTRY': macro redefinition
C:\Users\andres.perez.LIVEU-TAD\Documents\GitHub\C-\Programacion 2D\AndrésPérez_Practica5\lib\glfw3.h(98): message : see previous definition of 'APIENTRY'
C:\Users\andres.perez.LIVEU-TAD\Documents\GitHub\C-\Programacion 2D\AndrésPérez_Practica5\src\main.cpp(95,22): warning C4244: '=': conversion from 'double' to 'float', possible loss of data
C:\Users\andres.perez.LIVEU-TAD\Documents\GitHub\C-\Programacion 2D\AndrésPérez_Practica5\src\main.cpp(96,22): warning C4244: '=': conversion from 'double' to 'float', possible loss of data
C:\Users\andres.perez.LIVEU-TAD\Documents\GitHub\C-\Programacion 2D\AndrésPérez_Practica5\src\main.cpp(103,41): warning C4244: 'argument': conversion from 'double' to 'float', possible loss of data
  Sprite.cpp
C:\Users\andres.perez.LIVEU-TAD\Documents\GitHub\C-\Programacion 2D\AndrésPérez_Practica5\src\Sprite.cpp(27,14): warning C4244: 'initializing': conversion from 'const int' to 'float', possible loss of data
C:\Users\andres.perez.LIVEU-TAD\Documents\GitHub\C-\Programacion 2D\AndrésPérez_Practica5\src\Sprite.cpp(28,15): warning C4244: 'initializing': conversion from 'const int' to 'float', possible loss of data
C:\Users\andres.perez.LIVEU-TAD\Documents\GitHub\C-\Programacion 2D\AndrésPérez_Practica5\src\Sprite.cpp(32,22): warning C4244: 'initializing': conversion from 'int' to 'float', possible loss of data
  Generating Code...
main.obj : error LNK2019: unresolved external symbol glfwInit referenced in function main
main.obj : error LNK2019: unresolved external symbol glfwTerminate referenced in function main
main.obj : error LNK2019: unresolved external symbol glfwCreateWindow referenced in function main
main.obj : error LNK2019: unresolved external symbol glfwWindowShouldClose referenced in function main
main.obj : error LNK2019: unresolved external symbol glfwSetWindowShouldClose referenced in function main
main.obj : error LNK2019: unresolved external symbol glfwPollEvents referenced in function main
main.obj : error LNK2019: unresolved external symbol glfwGetKey referenced in function main
main.obj : error LNK2019: unresolved external symbol glfwGetCursorPos referenced in function main
main.obj : error LNK2019: unresolved external symbol glfwMakeContextCurrent referenced in function main
main.obj : error LNK2019: unresolved external symbol glfwSwapBuffers referenced in function main
Time.obj : error LNK2019: unresolved external symbol glfwGetTime referenced in function "public: void __cdecl CTime::UpdateDeltaTime(void)" (?UpdateDeltaTime@CTime@@QEAAXXZ)
..\lib\glfw3.lib : warning LNK4272: library machine type 'x86' conflicts with target machine type 'x64'
C:\Users\andres.perez.LIVEU-TAD\Documents\GitHub\C-\Programacion 2D\AndrésPérez_Practica5\project\x64\Debug\programacion2d.exe : fatal error LNK1120: 11 unresolved externals
