d:\u-tad\master\c-\programacion 2d\andréspérez_practica2\project\x64\debug\vc142.pdb
d:\u-tad\master\c-\programacion 2d\andréspérez_practica2\project\x64\debug\vc142.idb
d:\u-tad\master\c-\programacion 2d\andréspérez_practica2\project\x64\debug\vector2.obj
d:\u-tad\master\c-\programacion 2d\andréspérez_practica2\project\x64\debug\time.obj
d:\u-tad\master\c-\programacion 2d\andréspérez_practica2\project\x64\debug\main.obj
c:\users\andres.perez\documents\github\c-\programacion 2d\andréspérez_practica3\project\x64\debug\vc142.pdb
c:\users\andres.perez\documents\github\c-\programacion 2d\andréspérez_practica3\project\x64\debug\vc142.idb
c:\users\andres.perez\documents\github\c-\programacion 2d\andréspérez_practica3\project\x64\debug\vector2.obj
c:\users\andres.perez\documents\github\c-\programacion 2d\andréspérez_practica3\project\x64\debug\time.obj
c:\users\andres.perez\documents\github\c-\programacion 2d\andréspérez_practica3\project\x64\debug\main.obj
c:\users\andres.perez\documents\github\c-\programacion 2d\andréspérez_practica3\project\x64\debug\lnk{8dea4f4a-563d-46b8-8013-c9327c8c9f4c}.tmp
c:\users\andres.perez\documents\github\c-\programacion 2d\andréspérez_practica3\project\x64\debug\programacion2d.pdb
c:\users\andres.perez\documents\github\c-\programacion 2d\andréspérez_practica3\project\x64\debug\programacion2d.tlog\cl.command.1.tlog
c:\users\andres.perez\documents\github\c-\programacion 2d\andréspérez_practica3\project\x64\debug\programacion2d.tlog\cl.read.1.tlog
c:\users\andres.perez\documents\github\c-\programacion 2d\andréspérez_practica3\project\x64\debug\programacion2d.tlog\cl.write.1.tlog
c:\users\andres.perez\documents\github\c-\programacion 2d\andréspérez_practica3\project\x64\debug\programacion2d.tlog\link-cvtres.read.1.tlog
c:\users\andres.perez\documents\github\c-\programacion 2d\andréspérez_practica3\project\x64\debug\programacion2d.tlog\link-cvtres.write.1.tlog
c:\users\andres.perez\documents\github\c-\programacion 2d\andréspérez_practica3\project\x64\debug\programacion2d.tlog\link-rc.read.1.tlog
c:\users\andres.perez\documents\github\c-\programacion 2d\andréspérez_practica3\project\x64\debug\programacion2d.tlog\link-rc.write.1.tlog
c:\users\andres.perez\documents\github\c-\programacion 2d\andréspérez_practica3\project\x64\debug\programacion2d.tlog\link.command.1.tlog
c:\users\andres.perez\documents\github\c-\programacion 2d\andréspérez_practica3\project\x64\debug\programacion2d.tlog\link.delete.1.tlog
c:\users\andres.perez\documents\github\c-\programacion 2d\andréspérez_practica3\project\x64\debug\programacion2d.tlog\link.read.1.tlog
c:\users\andres.perez\documents\github\c-\programacion 2d\andréspérez_practica3\project\x64\debug\programacion2d.tlog\link.write.1.tlog
