  World.cpp
C:\Github\C-\Programacion 2D\AndrésPérez_Practica7\src\Background.h(32,5): warning C4244: 'initializing': conversion from 'int' to 'float', possible loss of data
  (compiling source file '../src/World.cpp')
  
C:\Github\C-\Programacion 2D\AndrésPérez_Practica7\src\Background.h(33,5): warning C4244: 'initializing': conversion from 'int' to 'float', possible loss of data
  (compiling source file '../src/World.cpp')
  
C:\Github\C-\Programacion 2D\AndrésPérez_Practica7\src\World.h(68,73): warning C4244: '=': conversion from 'int' to 'float', possible loss of data
  (compiling source file '../src/World.cpp')
  
C:\Github\C-\Programacion 2D\AndrésPérez_Practica7\src\World.cpp(27,5): warning C4305: 'argument': truncation from 'double' to 'float'
C:\Github\C-\Programacion 2D\AndrésPérez_Practica7\src\World.cpp(104,23): warning C4244: '=': conversion from 'int' to 'float', possible loss of data
C:\Github\C-\Programacion 2D\AndrésPérez_Practica7\src\World.cpp(105,23): warning C4244: '=': conversion from 'int' to 'float', possible loss of data
C:\Github\C-\Programacion 2D\AndrésPérez_Practica7\src\World.cpp(151,31): warning C4244: 'initializing': conversion from 'int' to 'float', possible loss of data
C:\Github\C-\Programacion 2D\AndrésPérez_Practica7\src\World.cpp(152,95): warning C4244: 'argument': conversion from 'int' to 'float', possible loss of data
C:\Github\C-\Programacion 2D\AndrésPérez_Practica7\src\World.cpp(152,62): warning C4244: 'argument': conversion from 'int' to 'float', possible loss of data
C:\Github\C-\Programacion 2D\AndrésPérez_Practica7\src\World.cpp(157,56): warning C4244: 'argument': conversion from 'int' to 'float', possible loss of data
C:\Github\C-\Programacion 2D\AndrésPérez_Practica7\src\World.cpp(157,45): warning C4244: 'argument': conversion from 'int' to 'float', possible loss of data
C:\Github\C-\Programacion 2D\AndrésPérez_Practica7\src\World.cpp(212,21): warning C4244: '+=': conversion from 'double' to 'float', possible loss of data
C:\Github\C-\Programacion 2D\AndrésPérez_Practica7\src\World.cpp(238,27): warning C4244: '=': conversion from 'double' to 'float', possible loss of data
C:\Github\C-\Programacion 2D\AndrésPérez_Practica7\src\World.cpp(240,17): warning C4244: '=': conversion from 'double' to 'float', possible loss of data
main.obj : error LNK2019: unresolved external symbol glfwInit referenced in function main
main.obj : error LNK2019: unresolved external symbol glfwTerminate referenced in function main
main.obj : error LNK2019: unresolved external symbol glfwCreateWindow referenced in function main
main.obj : error LNK2019: unresolved external symbol glfwWindowShouldClose referenced in function main
main.obj : error LNK2019: unresolved external symbol glfwSetWindowShouldClose referenced in function main
main.obj : error LNK2019: unresolved external symbol glfwPollEvents referenced in function main
main.obj : error LNK2019: unresolved external symbol glfwGetKey referenced in function main
main.obj : error LNK2019: unresolved external symbol glfwGetCursorPos referenced in function main
main.obj : error LNK2019: unresolved external symbol glfwMakeContextCurrent referenced in function main
main.obj : error LNK2019: unresolved external symbol glfwSwapBuffers referenced in function main
Time.obj : error LNK2019: unresolved external symbol glfwGetTime referenced in function "public: void __cdecl CTime::UpdateDeltaTime(void)" (?UpdateDeltaTime@CTime@@QEAAXXZ)
..\lib\glfw3.lib : warning LNK4272: library machine type 'x86' conflicts with target machine type 'x64'
C:\Github\C-\Programacion 2D\AndrésPérez_Practica7\project\x64\Debug\programacion2d.exe : fatal error LNK1120: 11 unresolved externals
